TN:
SF:/mnt/c/Users/senya/CLionProjects/fund_alg_4sem/lab1_2/cmake-build-debug/_deps/googletest-src/googletest/include/gtest/gtest-assertion-result.h
FN:155,161,_ZN7testing15AssertionResultC2IbEERKT_PNSt9enable_ifIXntsrSt14is_convertibleIS2_S0_E5valueEvE4typeE
FN:174,174,_ZNK7testing15AssertionResultcvbEv
FN:183,185,_ZNK7testing15AssertionResult7messageEv
FN:187,187,_ZNK7testing15AssertionResult15failure_messageEv
FN:191,194,_ZN7testing15AssertionResultlsIA12_cEERS0_RKT_
FN:191,194,_ZN7testing15AssertionResultlsIA3_cEERS0_RKT_
FN:191,194,_ZN7testing15AssertionResultlsIA5_cEERS0_RKT_
FN:191,194,_ZN7testing15AssertionResultlsINSt7__cxx1112basic_stringIcSt11char_traitsIcESaIcEEEEERS0_RKT_
FN:191,194,_ZN7testing15AssertionResultlsIPKcEERS0_RKT_
FN:206,209,_ZN7testing15AssertionResult13AppendMessageERKNS_7MessageE
FNDA:75,_ZN7testing15AssertionResultC2IbEERKT_PNSt9enable_ifIXntsrSt14is_convertibleIS2_S0_E5valueEvE4typeE
FNDA:75,_ZNK7testing15AssertionResultcvbEv
FNDA:0,_ZNK7testing15AssertionResult7messageEv
FNDA:0,_ZNK7testing15AssertionResult15failure_messageEv
FNDA:0,_ZN7testing15AssertionResultlsIA12_cEERS0_RKT_
FNDA:0,_ZN7testing15AssertionResultlsIA3_cEERS0_RKT_
FNDA:0,_ZN7testing15AssertionResultlsIA5_cEERS0_RKT_
FNDA:0,_ZN7testing15AssertionResultlsINSt7__cxx1112basic_stringIcSt11char_traitsIcESaIcEEEEERS0_RKT_
FNDA:0,_ZN7testing15AssertionResultlsIPKcEERS0_RKT_
FNDA:0,_ZN7testing15AssertionResult13AppendMessageERKNS_7MessageE
FNF:10
FNH:2
DA:155,75
DA:161,75
DA:174,75
DA:183,0
DA:184,0
DA:187,0
DA:191,0
DA:192,0
DA:193,0
DA:206,0
DA:207,0
DA:208,0
DA:209,0
LF:13
LH:3
end_of_record
TN:
SF:/mnt/c/Users/senya/CLionProjects/fund_alg_4sem/lab1_2/cmake-build-debug/_deps/googletest-src/googletest/include/gtest/gtest-message.h
FN:132,150,_ZN7testing7MessagelsIA12_cEERS0_RKT_
FN:132,150,_ZN7testing7MessagelsIA3_cEERS0_RKT_
FN:132,150,_ZN7testing7MessagelsIA5_cEERS0_RKT_
FN:132,150,_ZN7testing7MessagelsINSt7__cxx1112basic_stringIcSt11char_traitsIcESaIcEEEEERS0_RKT_
FN:182,189,_ZN7testing7MessagelsIKcEERS0_RKPT_
FNDA:0,_ZN7testing7MessagelsIA12_cEERS0_RKT_
FNDA:0,_ZN7testing7MessagelsIA3_cEERS0_RKT_
FNDA:0,_ZN7testing7MessagelsIA5_cEERS0_RKT_
FNDA:0,_ZN7testing7MessagelsINSt7__cxx1112basic_stringIcSt11char_traitsIcESaIcEEEEERS0_RKT_
FNDA:42,_ZN7testing7MessagelsIKcEERS0_RKPT_
FNF:5
FNH:1
DA:132,0
DA:148,0
DA:149,0
DA:182,42
DA:183,42
DA:184,0
DA:186,42
DA:188,42
LF:8
LH:4
end_of_record
TN:
SF:/mnt/c/Users/senya/CLionProjects/fund_alg_4sem/lab1_2/cmake-build-debug/_deps/googletest-src/googletest/include/gtest/gtest-printers.h
FN:1017,1023,_ZN7testing8internal21UniversalTersePrinterIPKcE5PrintES3_PSo
FN:1108,1113,_ZN7testing8internal14UniversalPrintIN12my_container4ListIiE8iteratorEEEvRKT_PSo
FN:1108,1113,_ZN7testing8internal14UniversalPrintIN12my_container4ListIiEEEEvRKT_PSo
FN:1108,1113,_ZN7testing8internal14UniversalPrintINSt7__cxx1112basic_stringIcSt11char_traitsIcESaIcEEEEEvRKT_PSo
FN:1108,1113,_ZN7testing8internal14UniversalPrintIPKNSt7__cxx1112basic_stringIcSt11char_traitsIcESaIcEEEEEvRKT_PSo
FN:1108,1113,_ZN7testing8internal14UniversalPrintIPKiEEvRKT_PSo
FN:1108,1113,_ZN7testing8internal14UniversalPrintIPN12my_container4ListIiEEEEvRKT_PSo
FN:1108,1113,_ZN7testing8internal14UniversalPrintIPiEEvRKT_PSo
FN:1108,1113,_ZN7testing8internal14UniversalPrintISt16reverse_iteratorIN12my_container4ListINSt7__cxx1112basic_stringIcSt11char_traitsIcESaIcEEEE8iteratorEEEEvRKT_PSo
FN:1108,1113,_ZN7testing8internal14UniversalPrintISt16reverse_iteratorIN12my_container4ListIiE14const_iteratorEEEEvRKT_PSo
FN:1108,1113,_ZN7testing8internal14UniversalPrintISt6vectorIiSaIiEEEEvRKT_PSo
FN:1108,1113,_ZN7testing8internal14UniversalPrintIdEEvRKT_PSo
FN:1108,1113,_ZN7testing8internal14UniversalPrintIiEEvRKT_PSo
FN:1108,1113,_ZN7testing8internal14UniversalPrintImEEvRKT_PSo
FN:1148,1152,_ZN7testing13PrintToStringIN12my_container4ListIiE8iteratorEEENSt7__cxx1112basic_stringIcSt11char_traitsIcESaIcEEERKT_
FN:1148,1152,_ZN7testing13PrintToStringIN12my_container4ListIiEEEENSt7__cxx1112basic_stringIcSt11char_traitsIcESaIcEEERKT_
FN:1148,1152,_ZN7testing13PrintToStringINSt7__cxx1112basic_stringIcSt11char_traitsIcESaIcEEEEES6_RKT_
FN:1148,1152,_ZN7testing13PrintToStringIPKNSt7__cxx1112basic_stringIcSt11char_traitsIcESaIcEEEEES6_RKT_
FN:1148,1152,_ZN7testing13PrintToStringIPKcEENSt7__cxx1112basic_stringIcSt11char_traitsIcESaIcEEERKT_
FN:1148,1152,_ZN7testing13PrintToStringIPKiEENSt7__cxx1112basic_stringIcSt11char_traitsIcESaIcEEERKT_
FN:1148,1152,_ZN7testing13PrintToStringIPN12my_container4ListIiEEEENSt7__cxx1112basic_stringIcSt11char_traitsIcESaIcEEERKT_
FN:1148,1152,_ZN7testing13PrintToStringIPiEENSt7__cxx1112basic_stringIcSt11char_traitsIcESaIcEEERKT_
FN:1148,1152,_ZN7testing13PrintToStringISt16reverse_iteratorIN12my_container4ListINSt7__cxx1112basic_stringIcSt11char_traitsIcESaIcEEEE8iteratorEEEES9_RKT_
FN:1148,1152,_ZN7testing13PrintToStringISt16reverse_iteratorIN12my_container4ListIiE14const_iteratorEEEENSt7__cxx1112basic_stringIcSt11char_traitsIcESaIcEEERKT_
FN:1148,1152,_ZN7testing13PrintToStringISt6vectorIiSaIiEEEENSt7__cxx1112basic_stringIcSt11char_traitsIcESaIcEEERKT_
FN:1148,1152,_ZN7testing13PrintToStringIdEENSt7__cxx1112basic_stringIcSt11char_traitsIcESaIcEEERKT_
FN:1148,1152,_ZN7testing13PrintToStringIiEENSt7__cxx1112basic_stringIcSt11char_traitsIcESaIcEEERKT_
FN:1148,1152,_ZN7testing13PrintToStringImEENSt7__cxx1112basic_stringIcSt11char_traitsIcESaIcEEERKT_
FN:141,164,_ZN7testing8internal16ContainerPrinter10PrintValueIN12my_container4ListIiEEvEEvRKT_PSo
FN:141,164,_ZN7testing8internal16ContainerPrinter10PrintValueISt6vectorIiSaIiEEvEEvRKT_PSo
FN:190,199,_ZN7testing8internal14PointerPrinter10PrintValueIKNSt7__cxx1112basic_stringIcSt11char_traitsIcESaIcEEEEEvPT_PSo
FN:190,199,_ZN7testing8internal14PointerPrinter10PrintValueIKiEEvPT_PSo
FN:190,199,_ZN7testing8internal14PointerPrinter10PrintValueIN12my_container4ListIiEEEEvPT_PSo
FN:190,199,_ZN7testing8internal14PointerPrinter10PrintValueIiEEvPT_PSo
FN:221,226,_ZN7testing8internal52internal_stream_operator_without_lexical_name_lookup13StreamPrinter10PrintValueIivEEDTcvvlsdefp0_fp_ERKT_PSo
FN:221,226,_ZN7testing8internal52internal_stream_operator_without_lexical_name_lookup13StreamPrinter10PrintValueImvEEDTcvvlsdefp0_fp_ERKT_PSo
FN:289,295,_ZN7testing8internal15RawBytesPrinter10PrintValueIN12my_container4ListIiE8iteratorELm8EEEvRKT_PSo
FN:289,295,_ZN7testing8internal15RawBytesPrinter10PrintValueISt16reverse_iteratorIN12my_container4ListINSt7__cxx1112basic_stringIcSt11char_traitsIcESaIcEEEE8iteratorEELm8EEEvRKT_PSo
FN:289,295,_ZN7testing8internal15RawBytesPrinter10PrintValueISt16reverse_iteratorIN12my_container4ListIiE14const_iteratorEELm8EEEvRKT_PSo
FN:326,337,_ZN7testing8internal17PrintWithFallbackIN12my_container4ListIiE8iteratorEEEvRKT_PSo
FN:326,337,_ZN7testing8internal17PrintWithFallbackIN12my_container4ListIiEEEEvRKT_PSo
FN:326,337,_ZN7testing8internal17PrintWithFallbackIPKNSt7__cxx1112basic_stringIcSt11char_traitsIcESaIcEEEEEvRKT_PSo
FN:326,337,_ZN7testing8internal17PrintWithFallbackIPKiEEvRKT_PSo
FN:326,337,_ZN7testing8internal17PrintWithFallbackIPN12my_container4ListIiEEEEvRKT_PSo
FN:326,337,_ZN7testing8internal17PrintWithFallbackIPiEEvRKT_PSo
FN:326,337,_ZN7testing8internal17PrintWithFallbackISt16reverse_iteratorIN12my_container4ListINSt7__cxx1112basic_stringIcSt11char_traitsIcESaIcEEEE8iteratorEEEEvRKT_PSo
FN:326,337,_ZN7testing8internal17PrintWithFallbackISt16reverse_iteratorIN12my_container4ListIiE14const_iteratorEEEEvRKT_PSo
FN:326,337,_ZN7testing8internal17PrintWithFallbackISt6vectorIiSaIiEEEEvRKT_PSo
FN:326,337,_ZN7testing8internal17PrintWithFallbackIiEEvRKT_PSo
FN:326,337,_ZN7testing8internal17PrintWithFallbackImEEvRKT_PSo
FN:357,359,_ZN7testing8internal19FormatForComparisonIN12my_container4ListIiE8iteratorES5_E6FormatB5cxx11ERKS5_
FN:357,359,_ZN7testing8internal19FormatForComparisonIN12my_container4ListIiEES4_E6FormatB5cxx11ERKS4_
FN:357,359,_ZN7testing8internal19FormatForComparisonINSt7__cxx1112basic_stringIcSt11char_traitsIcESaIcEEEA5_cE6FormatERKS7_
FN:357,359,_ZN7testing8internal19FormatForComparisonINSt7__cxx1112basic_stringIcSt11char_traitsIcESaIcEEEA6_cE6FormatERKS7_
FN:357,359,_ZN7testing8internal19FormatForComparisonIPKNSt7__cxx1112basic_stringIcSt11char_traitsIcESaIcEEES9_E6FormatERKS9_
FN:357,359,_ZN7testing8internal19FormatForComparisonIPKiPiE6FormatB5cxx11ERKS3_
FN:357,359,_ZN7testing8internal19FormatForComparisonIPKiS3_E6FormatB5cxx11ERKS3_
FN:357,359,_ZN7testing8internal19FormatForComparisonIPN12my_container4ListIiEES5_E6FormatB5cxx11ERKS5_
FN:357,359,_ZN7testing8internal19FormatForComparisonIPiPKiE6FormatB5cxx11ERKS2_
FN:357,359,_ZN7testing8internal19FormatForComparisonISt16reverse_iteratorIN12my_container4ListINSt7__cxx1112basic_stringIcSt11char_traitsIcESaIcEEEE8iteratorEESD_E6FormatERKSD_
FN:357,359,_ZN7testing8internal19FormatForComparisonISt16reverse_iteratorIN12my_container4ListIiE14const_iteratorEES7_E6FormatB5cxx11ERKS7_
FN:357,359,_ZN7testing8internal19FormatForComparisonISt6vectorIiSaIiEES4_E6FormatB5cxx11ERKS4_
FN:357,359,_ZN7testing8internal19FormatForComparisonIddE6FormatB5cxx11ERKd
FN:357,359,_ZN7testing8internal19FormatForComparisonIiiE6FormatB5cxx11ERKi
FN:357,359,_ZN7testing8internal19FormatForComparisonIimE6FormatB5cxx11ERKi
FN:357,359,_ZN7testing8internal19FormatForComparisonImiE6FormatB5cxx11ERKm
FN:357,359,_ZN7testing8internal19FormatForComparisonImmE6FormatB5cxx11ERKm
FN:366,368,_ZN7testing8internal19FormatForComparisonIA5_cNSt7__cxx1112basic_stringIcSt11char_traitsIcESaIcEEEE6FormatEPKc
FN:366,368,_ZN7testing8internal19FormatForComparisonIA6_cNSt7__cxx1112basic_stringIcSt11char_traitsIcESaIcEEEE6FormatEPKc
FN:411,411,_ZN7testing8internal19FormatForComparisonIPKcNSt7__cxx1112basic_stringIcSt11char_traitsIcESaIcEEEE6FormatES3_
FN:437,440,_ZN7testing8internal33FormatForComparisonFailureMessageIA5_cNSt7__cxx1112basic_stringIcSt11char_traitsIcESaIcEEEEES8_RKT_RKT0_
FN:437,440,_ZN7testing8internal33FormatForComparisonFailureMessageIA6_cNSt7__cxx1112basic_stringIcSt11char_traitsIcESaIcEEEEES8_RKT_RKT0_
FN:437,440,_ZN7testing8internal33FormatForComparisonFailureMessageIN12my_container4ListIiE8iteratorES5_EENSt7__cxx1112basic_stringIcSt11char_traitsIcESaIcEEERKT_RKT0_
FN:437,440,_ZN7testing8internal33FormatForComparisonFailureMessageIN12my_container4ListIiEES4_EENSt7__cxx1112basic_stringIcSt11char_traitsIcESaIcEEERKT_RKT0_
FN:437,440,_ZN7testing8internal33FormatForComparisonFailureMessageINSt7__cxx1112basic_stringIcSt11char_traitsIcESaIcEEEA5_cEES7_RKT_RKT0_
FN:437,440,_ZN7testing8internal33FormatForComparisonFailureMessageINSt7__cxx1112basic_stringIcSt11char_traitsIcESaIcEEEA6_cEES7_RKT_RKT0_
FN:437,440,_ZN7testing8internal33FormatForComparisonFailureMessageIPKNSt7__cxx1112basic_stringIcSt11char_traitsIcESaIcEEES9_EES7_RKT_RKT0_
FN:437,440,_ZN7testing8internal33FormatForComparisonFailureMessageIPKiPiEENSt7__cxx1112basic_stringIcSt11char_traitsIcESaIcEEERKT_RKT0_
FN:437,440,_ZN7testing8internal33FormatForComparisonFailureMessageIPKiS3_EENSt7__cxx1112basic_stringIcSt11char_traitsIcESaIcEEERKT_RKT0_
FN:437,440,_ZN7testing8internal33FormatForComparisonFailureMessageIPN12my_container4ListIiEES5_EENSt7__cxx1112basic_stringIcSt11char_traitsIcESaIcEEERKT_RKT0_
FN:437,440,_ZN7testing8internal33FormatForComparisonFailureMessageIPiPKiEENSt7__cxx1112basic_stringIcSt11char_traitsIcESaIcEEERKT_RKT0_
FN:437,440,_ZN7testing8internal33FormatForComparisonFailureMessageISt16reverse_iteratorIN12my_container4ListINSt7__cxx1112basic_stringIcSt11char_traitsIcESaIcEEEE8iteratorEESD_EESA_RKT_RKT0_
FN:437,440,_ZN7testing8internal33FormatForComparisonFailureMessageISt16reverse_iteratorIN12my_container4ListIiE14const_iteratorEES7_EENSt7__cxx1112basic_stringIcSt11char_traitsIcESaIcEEERKT_RKT0_
FN:437,440,_ZN7testing8internal33FormatForComparisonFailureMessageISt6vectorIiSaIiEES4_EENSt7__cxx1112basic_stringIcSt11char_traitsIcESaIcEEERKT_RKT0_
FN:437,440,_ZN7testing8internal33FormatForComparisonFailureMessageIddEENSt7__cxx1112basic_stringIcSt11char_traitsIcESaIcEEERKT_RKT0_
FN:437,440,_ZN7testing8internal33FormatForComparisonFailureMessageIiiEENSt7__cxx1112basic_stringIcSt11char_traitsIcESaIcEEERKT_RKT0_
FN:437,440,_ZN7testing8internal33FormatForComparisonFailureMessageIimEENSt7__cxx1112basic_stringIcSt11char_traitsIcESaIcEEERKT_RKT0_
FN:437,440,_ZN7testing8internal33FormatForComparisonFailureMessageImiEENSt7__cxx1112basic_stringIcSt11char_traitsIcESaIcEEERKT_RKT0_
FN:437,440,_ZN7testing8internal33FormatForComparisonFailureMessageImmEENSt7__cxx1112basic_stringIcSt11char_traitsIcESaIcEEERKT_RKT0_
FN:464,466,_ZN7testing8internal7PrintToIN12my_container4ListIiE8iteratorEEEvRKT_PSo
FN:464,466,_ZN7testing8internal7PrintToIN12my_container4ListIiEEEEvRKT_PSo
FN:464,466,_ZN7testing8internal7PrintToIPKNSt7__cxx1112basic_stringIcSt11char_traitsIcESaIcEEEEEvRKT_PSo
FN:464,466,_ZN7testing8internal7PrintToIPKiEEvRKT_PSo
FN:464,466,_ZN7testing8internal7PrintToIPN12my_container4ListIiEEEEvRKT_PSo
FN:464,466,_ZN7testing8internal7PrintToIPiEEvRKT_PSo
FN:464,466,_ZN7testing8internal7PrintToISt16reverse_iteratorIN12my_container4ListINSt7__cxx1112basic_stringIcSt11char_traitsIcESaIcEEEE8iteratorEEEEvRKT_PSo
FN:464,466,_ZN7testing8internal7PrintToISt16reverse_iteratorIN12my_container4ListIiE14const_iteratorEEEEvRKT_PSo
FN:464,466,_ZN7testing8internal7PrintToISt6vectorIiSaIiEEEEvRKT_PSo
FN:464,466,_ZN7testing8internal7PrintToIiEEvRKT_PSo
FN:464,466,_ZN7testing8internal7PrintToImEEvRKT_PSo
FN:529,577,_ZN7testing8internal21AppropriateResolutionIdEEiT_
FN:586,591,_ZN7testing8internal7PrintToEdPSo
FN:660,662,_ZN7testing8internal7PrintToERKNSt7__cxx1112basic_stringIcSt11char_traitsIcESaIcEEEPSo
FN:799,809,_ZN7testing8internal16UniversalPrinterIN12my_container4ListIiE8iteratorEE5PrintERKS5_PSo
FN:799,809,_ZN7testing8internal16UniversalPrinterIN12my_container4ListIiEEE5PrintERKS4_PSo
FN:799,809,_ZN7testing8internal16UniversalPrinterINSt7__cxx1112basic_stringIcSt11char_traitsIcESaIcEEEE5PrintERKS7_PSo
FN:799,809,_ZN7testing8internal16UniversalPrinterIPKNSt7__cxx1112basic_stringIcSt11char_traitsIcESaIcEEEE5PrintERKS9_PSo
FN:799,809,_ZN7testing8internal16UniversalPrinterIPKiE5PrintERKS3_PSo
FN:799,809,_ZN7testing8internal16UniversalPrinterIPN12my_container4ListIiEEE5PrintERKS5_PSo
FN:799,809,_ZN7testing8internal16UniversalPrinterIPiE5PrintERKS2_PSo
FN:799,809,_ZN7testing8internal16UniversalPrinterISt16reverse_iteratorIN12my_container4ListINSt7__cxx1112basic_stringIcSt11char_traitsIcESaIcEEEE8iteratorEEE5PrintERKSD_PSo
FN:799,809,_ZN7testing8internal16UniversalPrinterISt16reverse_iteratorIN12my_container4ListIiE14const_iteratorEEE5PrintERKS7_PSo
FN:799,809,_ZN7testing8internal16UniversalPrinterISt6vectorIiSaIiEEE5PrintERKS4_PSo
FN:799,809,_ZN7testing8internal16UniversalPrinterIdE5PrintERKdPSo
FN:799,809,_ZN7testing8internal16UniversalPrinterIiE5PrintERKiPSo
FN:799,809,_ZN7testing8internal16UniversalPrinterImE5PrintERKmPSo
FN:989,991,_ZN7testing8internal21UniversalTersePrinterIN12my_container4ListIiE8iteratorEE5PrintERKS5_PSo
FN:989,991,_ZN7testing8internal21UniversalTersePrinterIN12my_container4ListIiEEE5PrintERKS4_PSo
FN:989,991,_ZN7testing8internal21UniversalTersePrinterINSt7__cxx1112basic_stringIcSt11char_traitsIcESaIcEEEE5PrintERKS7_PSo
FN:989,991,_ZN7testing8internal21UniversalTersePrinterIPKNSt7__cxx1112basic_stringIcSt11char_traitsIcESaIcEEEE5PrintERKS9_PSo
FN:989,991,_ZN7testing8internal21UniversalTersePrinterIPKiE5PrintERKS3_PSo
FN:989,991,_ZN7testing8internal21UniversalTersePrinterIPN12my_container4ListIiEEE5PrintERKS5_PSo
FN:989,991,_ZN7testing8internal21UniversalTersePrinterIPiE5PrintERKS2_PSo
FN:989,991,_ZN7testing8internal21UniversalTersePrinterISt16reverse_iteratorIN12my_container4ListINSt7__cxx1112basic_stringIcSt11char_traitsIcESaIcEEEE8iteratorEEE5PrintERKSD_PSo
FN:989,991,_ZN7testing8internal21UniversalTersePrinterISt16reverse_iteratorIN12my_container4ListIiE14const_iteratorEEE5PrintERKS7_PSo
FN:989,991,_ZN7testing8internal21UniversalTersePrinterISt6vectorIiSaIiEEE5PrintERKS4_PSo
FN:989,991,_ZN7testing8internal21UniversalTersePrinterIdE5PrintERKdPSo
FN:989,991,_ZN7testing8internal21UniversalTersePrinterIiE5PrintERKiPSo
FN:989,991,_ZN7testing8internal21UniversalTersePrinterImE5PrintERKmPSo
FNDA:0,_ZN7testing8internal21UniversalTersePrinterIPKcE5PrintES3_PSo
FNDA:0,_ZN7testing8internal14UniversalPrintIN12my_container4ListIiE8iteratorEEEvRKT_PSo
FNDA:0,_ZN7testing8internal14UniversalPrintIN12my_container4ListIiEEEEvRKT_PSo
FNDA:0,_ZN7testing8internal14UniversalPrintINSt7__cxx1112basic_stringIcSt11char_traitsIcESaIcEEEEEvRKT_PSo
FNDA:0,_ZN7testing8internal14UniversalPrintIPKNSt7__cxx1112basic_stringIcSt11char_traitsIcESaIcEEEEEvRKT_PSo
FNDA:0,_ZN7testing8internal14UniversalPrintIPKiEEvRKT_PSo
FNDA:0,_ZN7testing8internal14UniversalPrintIPN12my_container4ListIiEEEEvRKT_PSo
FNDA:0,_ZN7testing8internal14UniversalPrintIPiEEvRKT_PSo
FNDA:0,_ZN7testing8internal14UniversalPrintISt16reverse_iteratorIN12my_container4ListINSt7__cxx1112basic_stringIcSt11char_traitsIcESaIcEEEE8iteratorEEEEvRKT_PSo
FNDA:0,_ZN7testing8internal14UniversalPrintISt16reverse_iteratorIN12my_container4ListIiE14const_iteratorEEEEvRKT_PSo
FNDA:0,_ZN7testing8internal14UniversalPrintISt6vectorIiSaIiEEEEvRKT_PSo
FNDA:0,_ZN7testing8internal14UniversalPrintIdEEvRKT_PSo
FNDA:0,_ZN7testing8internal14UniversalPrintIiEEvRKT_PSo
FNDA:0,_ZN7testing8internal14UniversalPrintImEEvRKT_PSo
FNDA:0,_ZN7testing13PrintToStringIN12my_container4ListIiE8iteratorEEENSt7__cxx1112basic_stringIcSt11char_traitsIcESaIcEEERKT_
FNDA:0,_ZN7testing13PrintToStringIN12my_container4ListIiEEEENSt7__cxx1112basic_stringIcSt11char_traitsIcESaIcEEERKT_
FNDA:0,_ZN7testing13PrintToStringINSt7__cxx1112basic_stringIcSt11char_traitsIcESaIcEEEEES6_RKT_
FNDA:0,_ZN7testing13PrintToStringIPKNSt7__cxx1112basic_stringIcSt11char_traitsIcESaIcEEEEES6_RKT_
FNDA:0,_ZN7testing13PrintToStringIPKcEENSt7__cxx1112basic_stringIcSt11char_traitsIcESaIcEEERKT_
FNDA:0,_ZN7testing13PrintToStringIPKiEENSt7__cxx1112basic_stringIcSt11char_traitsIcESaIcEEERKT_
FNDA:0,_ZN7testing13PrintToStringIPN12my_container4ListIiEEEENSt7__cxx1112basic_stringIcSt11char_traitsIcESaIcEEERKT_
FNDA:0,_ZN7testing13PrintToStringIPiEENSt7__cxx1112basic_stringIcSt11char_traitsIcESaIcEEERKT_
FNDA:0,_ZN7testing13PrintToStringISt16reverse_iteratorIN12my_container4ListINSt7__cxx1112basic_stringIcSt11char_traitsIcESaIcEEEE8iteratorEEEES9_RKT_
FNDA:0,_ZN7testing13PrintToStringISt16reverse_iteratorIN12my_container4ListIiE14const_iteratorEEEENSt7__cxx1112basic_stringIcSt11char_traitsIcESaIcEEERKT_
FNDA:0,_ZN7testing13PrintToStringISt6vectorIiSaIiEEEENSt7__cxx1112basic_stringIcSt11char_traitsIcESaIcEEERKT_
FNDA:0,_ZN7testing13PrintToStringIdEENSt7__cxx1112basic_stringIcSt11char_traitsIcESaIcEEERKT_
FNDA:0,_ZN7testing13PrintToStringIiEENSt7__cxx1112basic_stringIcSt11char_traitsIcESaIcEEERKT_
FNDA:0,_ZN7testing13PrintToStringImEENSt7__cxx1112basic_stringIcSt11char_traitsIcESaIcEEERKT_
FNDA:0,_ZN7testing8internal16ContainerPrinter10PrintValueIN12my_container4ListIiEEvEEvRKT_PSo
FNDA:0,_ZN7testing8internal16ContainerPrinter10PrintValueISt6vectorIiSaIiEEvEEvRKT_PSo
FNDA:0,_ZN7testing8internal14PointerPrinter10PrintValueIKNSt7__cxx1112basic_stringIcSt11char_traitsIcESaIcEEEEEvPT_PSo
FNDA:0,_ZN7testing8internal14PointerPrinter10PrintValueIKiEEvPT_PSo
FNDA:0,_ZN7testing8internal14PointerPrinter10PrintValueIN12my_container4ListIiEEEEvPT_PSo
FNDA:0,_ZN7testing8internal14PointerPrinter10PrintValueIiEEvPT_PSo
FNDA:0,_ZN7testing8internal52internal_stream_operator_without_lexical_name_lookup13StreamPrinter10PrintValueIivEEDTcvvlsdefp0_fp_ERKT_PSo
FNDA:0,_ZN7testing8internal52internal_stream_operator_without_lexical_name_lookup13StreamPrinter10PrintValueImvEEDTcvvlsdefp0_fp_ERKT_PSo
FNDA:0,_ZN7testing8internal15RawBytesPrinter10PrintValueIN12my_container4ListIiE8iteratorELm8EEEvRKT_PSo
FNDA:0,_ZN7testing8internal15RawBytesPrinter10PrintValueISt16reverse_iteratorIN12my_container4ListINSt7__cxx1112basic_stringIcSt11char_traitsIcESaIcEEEE8iteratorEELm8EEEvRKT_PSo
FNDA:0,_ZN7testing8internal15RawBytesPrinter10PrintValueISt16reverse_iteratorIN12my_container4ListIiE14const_iteratorEELm8EEEvRKT_PSo
FNDA:0,_ZN7testing8internal17PrintWithFallbackIN12my_container4ListIiE8iteratorEEEvRKT_PSo
FNDA:0,_ZN7testing8internal17PrintWithFallbackIN12my_container4ListIiEEEEvRKT_PSo
FNDA:0,_ZN7testing8internal17PrintWithFallbackIPKNSt7__cxx1112basic_stringIcSt11char_traitsIcESaIcEEEEEvRKT_PSo
FNDA:0,_ZN7testing8internal17PrintWithFallbackIPKiEEvRKT_PSo
FNDA:0,_ZN7testing8internal17PrintWithFallbackIPN12my_container4ListIiEEEEvRKT_PSo
FNDA:0,_ZN7testing8internal17PrintWithFallbackIPiEEvRKT_PSo
FNDA:0,_ZN7testing8internal17PrintWithFallbackISt16reverse_iteratorIN12my_container4ListINSt7__cxx1112basic_stringIcSt11char_traitsIcESaIcEEEE8iteratorEEEEvRKT_PSo
FNDA:0,_ZN7testing8internal17PrintWithFallbackISt16reverse_iteratorIN12my_container4ListIiE14const_iteratorEEEEvRKT_PSo
FNDA:0,_ZN7testing8internal17PrintWithFallbackISt6vectorIiSaIiEEEEvRKT_PSo
FNDA:0,_ZN7testing8internal17PrintWithFallbackIiEEvRKT_PSo
FNDA:0,_ZN7testing8internal17PrintWithFallbackImEEvRKT_PSo
FNDA:0,_ZN7testing8internal19FormatForComparisonIN12my_container4ListIiE8iteratorES5_E6FormatB5cxx11ERKS5_
FNDA:0,_ZN7testing8internal19FormatForComparisonIN12my_container4ListIiEES4_E6FormatB5cxx11ERKS4_
FNDA:0,_ZN7testing8internal19FormatForComparisonINSt7__cxx1112basic_stringIcSt11char_traitsIcESaIcEEEA5_cE6FormatERKS7_
FNDA:0,_ZN7testing8internal19FormatForComparisonINSt7__cxx1112basic_stringIcSt11char_traitsIcESaIcEEEA6_cE6FormatERKS7_
FNDA:0,_ZN7testing8internal19FormatForComparisonIPKNSt7__cxx1112basic_stringIcSt11char_traitsIcESaIcEEES9_E6FormatERKS9_
FNDA:0,_ZN7testing8internal19FormatForComparisonIPKiPiE6FormatB5cxx11ERKS3_
FNDA:0,_ZN7testing8internal19FormatForComparisonIPKiS3_E6FormatB5cxx11ERKS3_
FNDA:0,_ZN7testing8internal19FormatForComparisonIPN12my_container4ListIiEES5_E6FormatB5cxx11ERKS5_
FNDA:0,_ZN7testing8internal19FormatForComparisonIPiPKiE6FormatB5cxx11ERKS2_
FNDA:0,_ZN7testing8internal19FormatForComparisonISt16reverse_iteratorIN12my_container4ListINSt7__cxx1112basic_stringIcSt11char_traitsIcESaIcEEEE8iteratorEESD_E6FormatERKSD_
FNDA:0,_ZN7testing8internal19FormatForComparisonISt16reverse_iteratorIN12my_container4ListIiE14const_iteratorEES7_E6FormatB5cxx11ERKS7_
FNDA:0,_ZN7testing8internal19FormatForComparisonISt6vectorIiSaIiEES4_E6FormatB5cxx11ERKS4_
FNDA:0,_ZN7testing8internal19FormatForComparisonIddE6FormatB5cxx11ERKd
FNDA:0,_ZN7testing8internal19FormatForComparisonIiiE6FormatB5cxx11ERKi
FNDA:0,_ZN7testing8internal19FormatForComparisonIimE6FormatB5cxx11ERKi
FNDA:0,_ZN7testing8internal19FormatForComparisonImiE6FormatB5cxx11ERKm
FNDA:0,_ZN7testing8internal19FormatForComparisonImmE6FormatB5cxx11ERKm
FNDA:0,_ZN7testing8internal19FormatForComparisonIA5_cNSt7__cxx1112basic_stringIcSt11char_traitsIcESaIcEEEE6FormatEPKc
FNDA:0,_ZN7testing8internal19FormatForComparisonIA6_cNSt7__cxx1112basic_stringIcSt11char_traitsIcESaIcEEEE6FormatEPKc
FNDA:0,_ZN7testing8internal19FormatForComparisonIPKcNSt7__cxx1112basic_stringIcSt11char_traitsIcESaIcEEEE6FormatES3_
FNDA:0,_ZN7testing8internal33FormatForComparisonFailureMessageIA5_cNSt7__cxx1112basic_stringIcSt11char_traitsIcESaIcEEEEES8_RKT_RKT0_
FNDA:0,_ZN7testing8internal33FormatForComparisonFailureMessageIA6_cNSt7__cxx1112basic_stringIcSt11char_traitsIcESaIcEEEEES8_RKT_RKT0_
FNDA:0,_ZN7testing8internal33FormatForComparisonFailureMessageIN12my_container4ListIiE8iteratorES5_EENSt7__cxx1112basic_stringIcSt11char_traitsIcESaIcEEERKT_RKT0_
FNDA:0,_ZN7testing8internal33FormatForComparisonFailureMessageIN12my_container4ListIiEES4_EENSt7__cxx1112basic_stringIcSt11char_traitsIcESaIcEEERKT_RKT0_
FNDA:0,_ZN7testing8internal33FormatForComparisonFailureMessageINSt7__cxx1112basic_stringIcSt11char_traitsIcESaIcEEEA5_cEES7_RKT_RKT0_
FNDA:0,_ZN7testing8internal33FormatForComparisonFailureMessageINSt7__cxx1112basic_stringIcSt11char_traitsIcESaIcEEEA6_cEES7_RKT_RKT0_
FNDA:0,_ZN7testing8internal33FormatForComparisonFailureMessageIPKNSt7__cxx1112basic_stringIcSt11char_traitsIcESaIcEEES9_EES7_RKT_RKT0_
FNDA:0,_ZN7testing8internal33FormatForComparisonFailureMessageIPKiPiEENSt7__cxx1112basic_stringIcSt11char_traitsIcESaIcEEERKT_RKT0_
FNDA:0,_ZN7testing8internal33FormatForComparisonFailureMessageIPKiS3_EENSt7__cxx1112basic_stringIcSt11char_traitsIcESaIcEEERKT_RKT0_
FNDA:0,_ZN7testing8internal33FormatForComparisonFailureMessageIPN12my_container4ListIiEES5_EENSt7__cxx1112basic_stringIcSt11char_traitsIcESaIcEEERKT_RKT0_
FNDA:0,_ZN7testing8internal33FormatForComparisonFailureMessageIPiPKiEENSt7__cxx1112basic_stringIcSt11char_traitsIcESaIcEEERKT_RKT0_
FNDA:0,_ZN7testing8internal33FormatForComparisonFailureMessageISt16reverse_iteratorIN12my_container4ListINSt7__cxx1112basic_stringIcSt11char_traitsIcESaIcEEEE8iteratorEESD_EESA_RKT_RKT0_
FNDA:0,_ZN7testing8internal33FormatForComparisonFailureMessageISt16reverse_iteratorIN12my_container4ListIiE14const_iteratorEES7_EENSt7__cxx1112basic_stringIcSt11char_traitsIcESaIcEEERKT_RKT0_
FNDA:0,_ZN7testing8internal33FormatForComparisonFailureMessageISt6vectorIiSaIiEES4_EENSt7__cxx1112basic_stringIcSt11char_traitsIcESaIcEEERKT_RKT0_
FNDA:0,_ZN7testing8internal33FormatForComparisonFailureMessageIddEENSt7__cxx1112basic_stringIcSt11char_traitsIcESaIcEEERKT_RKT0_
FNDA:0,_ZN7testing8internal33FormatForComparisonFailureMessageIiiEENSt7__cxx1112basic_stringIcSt11char_traitsIcESaIcEEERKT_RKT0_
FNDA:0,_ZN7testing8internal33FormatForComparisonFailureMessageIimEENSt7__cxx1112basic_stringIcSt11char_traitsIcESaIcEEERKT_RKT0_
FNDA:0,_ZN7testing8internal33FormatForComparisonFailureMessageImiEENSt7__cxx1112basic_stringIcSt11char_traitsIcESaIcEEERKT_RKT0_
FNDA:0,_ZN7testing8internal33FormatForComparisonFailureMessageImmEENSt7__cxx1112basic_stringIcSt11char_traitsIcESaIcEEERKT_RKT0_
FNDA:0,_ZN7testing8internal7PrintToIN12my_container4ListIiE8iteratorEEEvRKT_PSo
FNDA:0,_ZN7testing8internal7PrintToIN12my_container4ListIiEEEEvRKT_PSo
FNDA:0,_ZN7testing8internal7PrintToIPKNSt7__cxx1112basic_stringIcSt11char_traitsIcESaIcEEEEEvRKT_PSo
FNDA:0,_ZN7testing8internal7PrintToIPKiEEvRKT_PSo
FNDA:0,_ZN7testing8internal7PrintToIPN12my_container4ListIiEEEEvRKT_PSo
FNDA:0,_ZN7testing8internal7PrintToIPiEEvRKT_PSo
FNDA:0,_ZN7testing8internal7PrintToISt16reverse_iteratorIN12my_container4ListINSt7__cxx1112basic_stringIcSt11char_traitsIcESaIcEEEE8iteratorEEEEvRKT_PSo
FNDA:0,_ZN7testing8internal7PrintToISt16reverse_iteratorIN12my_container4ListIiE14const_iteratorEEEEvRKT_PSo
FNDA:0,_ZN7testing8internal7PrintToISt6vectorIiSaIiEEEEvRKT_PSo
FNDA:0,_ZN7testing8internal7PrintToIiEEvRKT_PSo
FNDA:0,_ZN7testing8internal7PrintToImEEvRKT_PSo
FNDA:0,_ZN7testing8internal21AppropriateResolutionIdEEiT_
FNDA:0,_ZN7testing8internal7PrintToEdPSo
FNDA:0,_ZN7testing8internal7PrintToERKNSt7__cxx1112basic_stringIcSt11char_traitsIcESaIcEEEPSo
FNDA:0,_ZN7testing8internal16UniversalPrinterIN12my_container4ListIiE8iteratorEE5PrintERKS5_PSo
FNDA:0,_ZN7testing8internal16UniversalPrinterIN12my_container4ListIiEEE5PrintERKS4_PSo
FNDA:0,_ZN7testing8internal16UniversalPrinterINSt7__cxx1112basic_stringIcSt11char_traitsIcESaIcEEEE5PrintERKS7_PSo
FNDA:0,_ZN7testing8internal16UniversalPrinterIPKNSt7__cxx1112basic_stringIcSt11char_traitsIcESaIcEEEE5PrintERKS9_PSo
FNDA:0,_ZN7testing8internal16UniversalPrinterIPKiE5PrintERKS3_PSo
FNDA:0,_ZN7testing8internal16UniversalPrinterIPN12my_container4ListIiEEE5PrintERKS5_PSo
FNDA:0,_ZN7testing8internal16UniversalPrinterIPiE5PrintERKS2_PSo
FNDA:0,_ZN7testing8internal16UniversalPrinterISt16reverse_iteratorIN12my_container4ListINSt7__cxx1112basic_stringIcSt11char_traitsIcESaIcEEEE8iteratorEEE5PrintERKSD_PSo
FNDA:0,_ZN7testing8internal16UniversalPrinterISt16reverse_iteratorIN12my_container4ListIiE14const_iteratorEEE5PrintERKS7_PSo
FNDA:0,_ZN7testing8internal16UniversalPrinterISt6vectorIiSaIiEEE5PrintERKS4_PSo
FNDA:0,_ZN7testing8internal16UniversalPrinterIdE5PrintERKdPSo
FNDA:0,_ZN7testing8internal16UniversalPrinterIiE5PrintERKiPSo
FNDA:0,_ZN7testing8internal16UniversalPrinterImE5PrintERKmPSo
FNDA:0,_ZN7testing8internal21UniversalTersePrinterIN12my_container4ListIiE8iteratorEE5PrintERKS5_PSo
FNDA:0,_ZN7testing8internal21UniversalTersePrinterIN12my_container4ListIiEEE5PrintERKS4_PSo
FNDA:0,_ZN7testing8internal21UniversalTersePrinterINSt7__cxx1112basic_stringIcSt11char_traitsIcESaIcEEEE5PrintERKS7_PSo
FNDA:0,_ZN7testing8internal21UniversalTersePrinterIPKNSt7__cxx1112basic_stringIcSt11char_traitsIcESaIcEEEE5PrintERKS9_PSo
FNDA:0,_ZN7testing8internal21UniversalTersePrinterIPKiE5PrintERKS3_PSo
FNDA:0,_ZN7testing8internal21UniversalTersePrinterIPN12my_container4ListIiEEE5PrintERKS5_PSo
FNDA:0,_ZN7testing8internal21UniversalTersePrinterIPiE5PrintERKS2_PSo
FNDA:0,_ZN7testing8internal21UniversalTersePrinterISt16reverse_iteratorIN12my_container4ListINSt7__cxx1112basic_stringIcSt11char_traitsIcESaIcEEEE8iteratorEEE5PrintERKSD_PSo
FNDA:0,_ZN7testing8internal21UniversalTersePrinterISt16reverse_iteratorIN12my_container4ListIiE14const_iteratorEEE5PrintERKS7_PSo
FNDA:0,_ZN7testing8internal21UniversalTersePrinterISt6vectorIiSaIiEEE5PrintERKS4_PSo
FNDA:0,_ZN7testing8internal21UniversalTersePrinterIdE5PrintERKdPSo
FNDA:0,_ZN7testing8internal21UniversalTersePrinterIiE5PrintERKiPSo
FNDA:0,_ZN7testing8internal21UniversalTersePrinterImE5PrintERKmPSo
FNF:129
FNH:0
DA:141,0
DA:142,0
DA:143,0
DA:144,0
DA:145,0
DA:146,0
DA:147,0
DA:148,0
DA:149,0
DA:150,0
DA:153,0
DA:156,0
DA:157,0
DA:160,0
DA:161,0
DA:163,0
DA:164,0
DA:190,0
DA:191,0
DA:192,0
DA:197,0
DA:199,0
DA:221,0
DA:225,0
DA:226,0
DA:289,0
DA:290,0
DA:293,0
DA:295,0
DA:326,0
DA:336,0
DA:337,0
DA:357,0
DA:358,0
DA:366,0
DA:367,0
DA:411,0
DA:437,0
DA:439,0
DA:464,0
DA:465,0
DA:466,0
DA:529,0
DA:530,0
DA:531,0
DA:533,0
DA:534,0
DA:535,0
DA:536,0
DA:537,0
DA:538,0
DA:539,0
DA:540,0
DA:541,0
DA:542,0
DA:543,0
DA:544,0
DA:545,0
DA:546,0
DA:547,0
DA:548,0
DA:549,0
DA:550,0
DA:551,0
DA:552,0
DA:553,0
DA:554,0
DA:556,0
DA:559,0
DA:560,0
DA:561,0
DA:562,0
DA:563,0
DA:564,0
DA:565,0
DA:566,0
DA:567,0
DA:568,0
DA:569,0
DA:571,0
DA:574,0
DA:576,0
DA:586,0
DA:587,0
DA:588,0
DA:589,0
DA:590,0
DA:591,0
DA:660,0
DA:661,0
DA:662,0
DA:799,0
DA:808,0
DA:809,0
DA:989,0
DA:990,0
DA:991,0
DA:1017,0
DA:1018,0
DA:1019,0
DA:1021,0
DA:1023,0
DA:1108,0
DA:1112,0
DA:1113,0
DA:1148,0
DA:1149,0
DA:1150,0
DA:1151,0
DA:1152,0
LF:110
LH:0
end_of_record
TN:
SF:/mnt/c/Users/senya/CLionProjects/fund_alg_4sem/lab1_2/cmake-build-debug/_deps/googletest-src/googletest/include/gtest/gtest.h
FN:1359,1365,_ZN7testing8internal18CmpHelperEQFailureIN12my_container4ListIiE8iteratorES5_EENS_15AssertionResultEPKcS8_RKT_RKT0_
FN:1359,1365,_ZN7testing8internal18CmpHelperEQFailureIN12my_container4ListIiEES4_EENS_15AssertionResultEPKcS7_RKT_RKT0_
FN:1359,1365,_ZN7testing8internal18CmpHelperEQFailureINSt7__cxx1112basic_stringIcSt11char_traitsIcESaIcEEEA5_cEENS_15AssertionResultEPKcSB_RKT_RKT0_
FN:1359,1365,_ZN7testing8internal18CmpHelperEQFailureINSt7__cxx1112basic_stringIcSt11char_traitsIcESaIcEEEA6_cEENS_15AssertionResultEPKcSB_RKT_RKT0_
FN:1359,1365,_ZN7testing8internal18CmpHelperEQFailureIPKNSt7__cxx1112basic_stringIcSt11char_traitsIcESaIcEEES9_EENS_15AssertionResultEPKcSC_RKT_RKT0_
FN:1359,1365,_ZN7testing8internal18CmpHelperEQFailureIPiPKiEENS_15AssertionResultEPKcS7_RKT_RKT0_
FN:1359,1365,_ZN7testing8internal18CmpHelperEQFailureISt16reverse_iteratorIN12my_container4ListINSt7__cxx1112basic_stringIcSt11char_traitsIcESaIcEEEE8iteratorEESD_EENS_15AssertionResultEPKcSG_RKT_RKT0_
FN:1359,1365,_ZN7testing8internal18CmpHelperEQFailureISt16reverse_iteratorIN12my_container4ListIiE14const_iteratorEES7_EENS_15AssertionResultEPKcSA_RKT_RKT0_
FN:1359,1365,_ZN7testing8internal18CmpHelperEQFailureISt6vectorIiSaIiEES4_EENS_15AssertionResultEPKcS7_RKT_RKT0_
FN:1359,1365,_ZN7testing8internal18CmpHelperEQFailureIddEENS_15AssertionResultEPKcS4_RKT_RKT0_
FN:1359,1365,_ZN7testing8internal18CmpHelperEQFailureIiiEENS_15AssertionResultEPKcS4_RKT_RKT0_
FN:1359,1365,_ZN7testing8internal18CmpHelperEQFailureImiEENS_15AssertionResultEPKcS4_RKT_RKT0_
FN:1359,1365,_ZN7testing8internal18CmpHelperEQFailureImmEENS_15AssertionResultEPKcS4_RKT_RKT0_
FN:1376,1384,_ZN7testing8internal11CmpHelperEQIN12my_container4ListIiE8iteratorES5_EENS_15AssertionResultEPKcS8_RKT_RKT0_
FN:1376,1384,_ZN7testing8internal11CmpHelperEQIN12my_container4ListIiEES4_EENS_15AssertionResultEPKcS7_RKT_RKT0_
FN:1376,1384,_ZN7testing8internal11CmpHelperEQINSt7__cxx1112basic_stringIcSt11char_traitsIcESaIcEEEA5_cEENS_15AssertionResultEPKcSB_RKT_RKT0_
FN:1376,1384,_ZN7testing8internal11CmpHelperEQINSt7__cxx1112basic_stringIcSt11char_traitsIcESaIcEEEA6_cEENS_15AssertionResultEPKcSB_RKT_RKT0_
FN:1376,1384,_ZN7testing8internal11CmpHelperEQIPKNSt7__cxx1112basic_stringIcSt11char_traitsIcESaIcEEES9_EENS_15AssertionResultEPKcSC_RKT_RKT0_
FN:1376,1384,_ZN7testing8internal11CmpHelperEQIPiPKiEENS_15AssertionResultEPKcS7_RKT_RKT0_
FN:1376,1384,_ZN7testing8internal11CmpHelperEQISt16reverse_iteratorIN12my_container4ListINSt7__cxx1112basic_stringIcSt11char_traitsIcESaIcEEEE8iteratorEESD_EENS_15AssertionResultEPKcSG_RKT_RKT0_
FN:1376,1384,_ZN7testing8internal11CmpHelperEQISt16reverse_iteratorIN12my_container4ListIiE14const_iteratorEES7_EENS_15AssertionResultEPKcSA_RKT_RKT0_
FN:1376,1384,_ZN7testing8internal11CmpHelperEQISt6vectorIiSaIiEES4_EENS_15AssertionResultEPKcS7_RKT_RKT0_
FN:1376,1384,_ZN7testing8internal11CmpHelperEQIddEENS_15AssertionResultEPKcS4_RKT_RKT0_
FN:1376,1384,_ZN7testing8internal11CmpHelperEQIiiEENS_15AssertionResultEPKcS4_RKT_RKT0_
FN:1376,1384,_ZN7testing8internal11CmpHelperEQImiEENS_15AssertionResultEPKcS4_RKT_RKT0_
FN:1376,1384,_ZN7testing8internal11CmpHelperEQImmEENS_15AssertionResultEPKcS4_RKT_RKT0_
FN:1395,1399,_ZN7testing8internal8EqHelper7CompareIN12my_container4ListIiE8iteratorES6_LPv0EEENS_15AssertionResultEPKcSA_RKT_RKT0_
FN:1395,1399,_ZN7testing8internal8EqHelper7CompareIN12my_container4ListIiEES5_LPv0EEENS_15AssertionResultEPKcS9_RKT_RKT0_
FN:1395,1399,_ZN7testing8internal8EqHelper7CompareINSt7__cxx1112basic_stringIcSt11char_traitsIcESaIcEEEA5_cLPv0EEENS_15AssertionResultEPKcSD_RKT_RKT0_
FN:1395,1399,_ZN7testing8internal8EqHelper7CompareINSt7__cxx1112basic_stringIcSt11char_traitsIcESaIcEEEA6_cLPv0EEENS_15AssertionResultEPKcSD_RKT_RKT0_
FN:1395,1399,_ZN7testing8internal8EqHelper7CompareIPKNSt7__cxx1112basic_stringIcSt11char_traitsIcESaIcEEESA_LPv0EEENS_15AssertionResultEPKcSE_RKT_RKT0_
FN:1395,1399,_ZN7testing8internal8EqHelper7CompareIPiPKiLPv0EEENS_15AssertionResultEPKcS9_RKT_RKT0_
FN:1395,1399,_ZN7testing8internal8EqHelper7CompareISt16reverse_iteratorIN12my_container4ListINSt7__cxx1112basic_stringIcSt11char_traitsIcESaIcEEEE8iteratorEESE_LPv0EEENS_15AssertionResultEPKcSI_RKT_RKT0_
FN:1395,1399,_ZN7testing8internal8EqHelper7CompareISt16reverse_iteratorIN12my_container4ListIiE14const_iteratorEES8_LPv0EEENS_15AssertionResultEPKcSC_RKT_RKT0_
FN:1395,1399,_ZN7testing8internal8EqHelper7CompareISt6vectorIiSaIiEES5_LPv0EEENS_15AssertionResultEPKcS9_RKT_RKT0_
FN:1395,1399,_ZN7testing8internal8EqHelper7CompareIddLPv0EEENS_15AssertionResultEPKcS6_RKT_RKT0_
FN:1395,1399,_ZN7testing8internal8EqHelper7CompareIiiLPv0EEENS_15AssertionResultEPKcS6_RKT_RKT0_
FN:1395,1399,_ZN7testing8internal8EqHelper7CompareImiLPv0EEENS_15AssertionResultEPKcS6_RKT_RKT0_
FN:1395,1399,_ZN7testing8internal8EqHelper7CompareImmLPv0EEENS_15AssertionResultEPKcS6_RKT_RKT0_
FN:1428,1435,_ZN7testing8internal18CmpHelperOpFailureIN12my_container4ListIiEES4_EENS_15AssertionResultEPKcS7_RKT_RKT0_S7_
FN:1428,1435,_ZN7testing8internal18CmpHelperOpFailureIPKiS3_EENS_15AssertionResultEPKcS6_RKT_RKT0_S6_
FN:1428,1435,_ZN7testing8internal18CmpHelperOpFailureIPN12my_container4ListIiEES5_EENS_15AssertionResultEPKcS8_RKT_RKT0_S8_
FN:1428,1435,_ZN7testing8internal18CmpHelperOpFailureISt16reverse_iteratorIN12my_container4ListINSt7__cxx1112basic_stringIcSt11char_traitsIcESaIcEEEE8iteratorEESD_EENS_15AssertionResultEPKcSG_RKT_RKT0_SG_
FN:1428,1435,_ZN7testing8internal18CmpHelperOpFailureImiEENS_15AssertionResultEPKcS4_RKT_RKT0_S4_
FN:1457,1457,_ZN7testing8internal11CmpHelperNEIN12my_container4ListIiEES4_EENS_15AssertionResultEPKcS7_RKT_RKT0_
FN:1457,1457,_ZN7testing8internal11CmpHelperNEIPKiS3_EENS_15AssertionResultEPKcS6_RKT_RKT0_
FN:1457,1457,_ZN7testing8internal11CmpHelperNEIPN12my_container4ListIiEES5_EENS_15AssertionResultEPKcS8_RKT_RKT0_
FN:1457,1457,_ZN7testing8internal11CmpHelperNEISt16reverse_iteratorIN12my_container4ListINSt7__cxx1112basic_stringIcSt11char_traitsIcESaIcEEEE8iteratorEESD_EENS_15AssertionResultEPKcSG_RKT_RKT0_
FN:1461,1461,_ZN7testing8internal11CmpHelperLTIN12my_container4ListIiEES4_EENS_15AssertionResultEPKcS7_RKT_RKT0_
FN:1465,1465,_ZN7testing8internal11CmpHelperGTImiEENS_15AssertionResultEPKcS4_RKT_RKT0_
FN:256,256,_ZN7testing4Test14SetUpTestSuiteEv
FN:264,264,_ZN7testing4Test17TearDownTestSuiteEv
FN:269,269,_ZN7testing4Test16TearDownTestCaseEv
FN:270,270,_ZN7testing4Test13SetUpTestCaseEv
FN:357,357,_ZN7testing4Test5SetupEv
FNDA:0,_ZN7testing8internal18CmpHelperEQFailureIN12my_container4ListIiE8iteratorES5_EENS_15AssertionResultEPKcS8_RKT_RKT0_
FNDA:0,_ZN7testing8internal18CmpHelperEQFailureIN12my_container4ListIiEES4_EENS_15AssertionResultEPKcS7_RKT_RKT0_
FNDA:0,_ZN7testing8internal18CmpHelperEQFailureINSt7__cxx1112basic_stringIcSt11char_traitsIcESaIcEEEA5_cEENS_15AssertionResultEPKcSB_RKT_RKT0_
FNDA:0,_ZN7testing8internal18CmpHelperEQFailureINSt7__cxx1112basic_stringIcSt11char_traitsIcESaIcEEEA6_cEENS_15AssertionResultEPKcSB_RKT_RKT0_
FNDA:0,_ZN7testing8internal18CmpHelperEQFailureIPKNSt7__cxx1112basic_stringIcSt11char_traitsIcESaIcEEES9_EENS_15AssertionResultEPKcSC_RKT_RKT0_
FNDA:0,_ZN7testing8internal18CmpHelperEQFailureIPiPKiEENS_15AssertionResultEPKcS7_RKT_RKT0_
FNDA:0,_ZN7testing8internal18CmpHelperEQFailureISt16reverse_iteratorIN12my_container4ListINSt7__cxx1112basic_stringIcSt11char_traitsIcESaIcEEEE8iteratorEESD_EENS_15AssertionResultEPKcSG_RKT_RKT0_
FNDA:0,_ZN7testing8internal18CmpHelperEQFailureISt16reverse_iteratorIN12my_container4ListIiE14const_iteratorEES7_EENS_15AssertionResultEPKcSA_RKT_RKT0_
FNDA:0,_ZN7testing8internal18CmpHelperEQFailureISt6vectorIiSaIiEES4_EENS_15AssertionResultEPKcS7_RKT_RKT0_
FNDA:0,_ZN7testing8internal18CmpHelperEQFailureIddEENS_15AssertionResultEPKcS4_RKT_RKT0_
FNDA:0,_ZN7testing8internal18CmpHelperEQFailureIiiEENS_15AssertionResultEPKcS4_RKT_RKT0_
FNDA:0,_ZN7testing8internal18CmpHelperEQFailureImiEENS_15AssertionResultEPKcS4_RKT_RKT0_
FNDA:0,_ZN7testing8internal18CmpHelperEQFailureImmEENS_15AssertionResultEPKcS4_RKT_RKT0_
FNDA:2,_ZN7testing8internal11CmpHelperEQIN12my_container4ListIiE8iteratorES5_EENS_15AssertionResultEPKcS8_RKT_RKT0_
FNDA:6,_ZN7testing8internal11CmpHelperEQIN12my_container4ListIiEES4_EENS_15AssertionResultEPKcS7_RKT_RKT0_
FNDA:1,_ZN7testing8internal11CmpHelperEQINSt7__cxx1112basic_stringIcSt11char_traitsIcESaIcEEEA5_cEENS_15AssertionResultEPKcSB_RKT_RKT0_
FNDA:5,_ZN7testing8internal11CmpHelperEQINSt7__cxx1112basic_stringIcSt11char_traitsIcESaIcEEEA6_cEENS_15AssertionResultEPKcSB_RKT_RKT0_
FNDA:1,_ZN7testing8internal11CmpHelperEQIPKNSt7__cxx1112basic_stringIcSt11char_traitsIcESaIcEEES9_EENS_15AssertionResultEPKcSC_RKT_RKT0_
FNDA:1,_ZN7testing8internal11CmpHelperEQIPiPKiEENS_15AssertionResultEPKcS7_RKT_RKT0_
FNDA:1,_ZN7testing8internal11CmpHelperEQISt16reverse_iteratorIN12my_container4ListINSt7__cxx1112basic_stringIcSt11char_traitsIcESaIcEEEE8iteratorEESD_EENS_15AssertionResultEPKcSG_RKT_RKT0_
FNDA:2,_ZN7testing8internal11CmpHelperEQISt16reverse_iteratorIN12my_container4ListIiE14const_iteratorEES7_EENS_15AssertionResultEPKcSA_RKT_RKT0_
FNDA:2,_ZN7testing8internal11CmpHelperEQISt6vectorIiSaIiEES4_EENS_15AssertionResultEPKcS7_RKT_RKT0_
FNDA:6,_ZN7testing8internal11CmpHelperEQIddEENS_15AssertionResultEPKcS4_RKT_RKT0_
FNDA:18,_ZN7testing8internal11CmpHelperEQIiiEENS_15AssertionResultEPKcS4_RKT_RKT0_
FNDA:13,_ZN7testing8internal11CmpHelperEQImiEENS_15AssertionResultEPKcS4_RKT_RKT0_
FNDA:5,_ZN7testing8internal11CmpHelperEQImmEENS_15AssertionResultEPKcS4_RKT_RKT0_
FNDA:2,_ZN7testing8internal8EqHelper7CompareIN12my_container4ListIiE8iteratorES6_LPv0EEENS_15AssertionResultEPKcSA_RKT_RKT0_
FNDA:6,_ZN7testing8internal8EqHelper7CompareIN12my_container4ListIiEES5_LPv0EEENS_15AssertionResultEPKcS9_RKT_RKT0_
FNDA:1,_ZN7testing8internal8EqHelper7CompareINSt7__cxx1112basic_stringIcSt11char_traitsIcESaIcEEEA5_cLPv0EEENS_15AssertionResultEPKcSD_RKT_RKT0_
FNDA:5,_ZN7testing8internal8EqHelper7CompareINSt7__cxx1112basic_stringIcSt11char_traitsIcESaIcEEEA6_cLPv0EEENS_15AssertionResultEPKcSD_RKT_RKT0_
FNDA:1,_ZN7testing8internal8EqHelper7CompareIPKNSt7__cxx1112basic_stringIcSt11char_traitsIcESaIcEEESA_LPv0EEENS_15AssertionResultEPKcSE_RKT_RKT0_
FNDA:1,_ZN7testing8internal8EqHelper7CompareIPiPKiLPv0EEENS_15AssertionResultEPKcS9_RKT_RKT0_
FNDA:1,_ZN7testing8internal8EqHelper7CompareISt16reverse_iteratorIN12my_container4ListINSt7__cxx1112basic_stringIcSt11char_traitsIcESaIcEEEE8iteratorEESE_LPv0EEENS_15AssertionResultEPKcSI_RKT_RKT0_
FNDA:2,_ZN7testing8internal8EqHelper7CompareISt16reverse_iteratorIN12my_container4ListIiE14const_iteratorEES8_LPv0EEENS_15AssertionResultEPKcSC_RKT_RKT0_
FNDA:2,_ZN7testing8internal8EqHelper7CompareISt6vectorIiSaIiEES5_LPv0EEENS_15AssertionResultEPKcS9_RKT_RKT0_
FNDA:6,_ZN7testing8internal8EqHelper7CompareIddLPv0EEENS_15AssertionResultEPKcS6_RKT_RKT0_
FNDA:18,_ZN7testing8internal8EqHelper7CompareIiiLPv0EEENS_15AssertionResultEPKcS6_RKT_RKT0_
FNDA:13,_ZN7testing8internal8EqHelper7CompareImiLPv0EEENS_15AssertionResultEPKcS6_RKT_RKT0_
FNDA:5,_ZN7testing8internal8EqHelper7CompareImmLPv0EEENS_15AssertionResultEPKcS6_RKT_RKT0_
FNDA:0,_ZN7testing8internal18CmpHelperOpFailureIN12my_container4ListIiEES4_EENS_15AssertionResultEPKcS7_RKT_RKT0_S7_
FNDA:0,_ZN7testing8internal18CmpHelperOpFailureIPKiS3_EENS_15AssertionResultEPKcS6_RKT_RKT0_S6_
FNDA:0,_ZN7testing8internal18CmpHelperOpFailureIPN12my_container4ListIiEES5_EENS_15AssertionResultEPKcS8_RKT_RKT0_S8_
FNDA:0,_ZN7testing8internal18CmpHelperOpFailureISt16reverse_iteratorIN12my_container4ListINSt7__cxx1112basic_stringIcSt11char_traitsIcESaIcEEEE8iteratorEESD_EENS_15AssertionResultEPKcSG_RKT_RKT0_SG_
FNDA:0,_ZN7testing8internal18CmpHelperOpFailureImiEENS_15AssertionResultEPKcS4_RKT_RKT0_S4_
FNDA:1,_ZN7testing8internal11CmpHelperNEIN12my_container4ListIiEES4_EENS_15AssertionResultEPKcS7_RKT_RKT0_
FNDA:1,_ZN7testing8internal11CmpHelperNEIPKiS3_EENS_15AssertionResultEPKcS6_RKT_RKT0_
FNDA:1,_ZN7testing8internal11CmpHelperNEIPN12my_container4ListIiEES5_EENS_15AssertionResultEPKcS8_RKT_RKT0_
FNDA:1,_ZN7testing8internal11CmpHelperNEISt16reverse_iteratorIN12my_container4ListINSt7__cxx1112basic_stringIcSt11char_traitsIcESaIcEEEE8iteratorEESD_EENS_15AssertionResultEPKcSG_RKT_RKT0_
FNDA:1,_ZN7testing8internal11CmpHelperLTIN12my_container4ListIiEES4_EENS_15AssertionResultEPKcS7_RKT_RKT0_
FNDA:1,_ZN7testing8internal11CmpHelperGTImiEENS_15AssertionResultEPKcS4_RKT_RKT0_
FNDA:0,_ZN7testing4Test14SetUpTestSuiteEv
FNDA:0,_ZN7testing4Test17TearDownTestSuiteEv
FNDA:0,_ZN7testing4Test16TearDownTestCaseEv
FNDA:0,_ZN7testing4Test13SetUpTestCaseEv
FNDA:0,_ZN7testing4Test5SetupEv
FNF:55
FNH:32
DA:256,0
DA:264,0
DA:269,0
DA:270,0
DA:357,0
DA:1359,0
DA:1364,0
DA:1376,63
DA:1379,63
DA:1380,63
DA:1383,0
DA:1395,63
DA:1398,63
DA:1428,0
DA:1432,0
DA:1433,0
DA:1434,0
DA:1457,4
DA:1461,1
DA:1465,1
LF:20
LH:8
end_of_record
TN:
SF:/mnt/c/Users/senya/CLionProjects/fund_alg_4sem/lab1_2/cmake-build-debug/_deps/googletest-src/googletest/include/gtest/internal/gtest-internal.h
FN:419,425,_ZN7testing8internal9GetTypeIdIN12my_container12_GLOBAL__N_18ListTestEEEPKvv
FN:438,438,_ZN7testing8internal15TestFactoryBaseD0Ev
FN:438,438,_ZN7testing8internal15TestFactoryBaseD2Ev
FN:445,445,_ZN7testing8internal15TestFactoryBaseC2Ev
FN:457,457,_ZN7testing8internal15TestFactoryImplI38ListAssignmentTest_SelfAssignment_TestE10CreateTestEv
FN:457,457,_ZN7testing8internal15TestFactoryImplI39ListReverseIteratorsTest_EmptyList_TestE10CreateTestEv
FN:457,457,_ZN7testing8internal15TestFactoryImplI42ListAssignmentTest_AssignBetweenLists_TestE10CreateTestEv
FN:457,457,_ZN7testing8internal15TestFactoryImplI43ListAssignmentTest_EmptyListAssignment_TestE10CreateTestEv
FN:457,457,_ZN7testing8internal15TestFactoryImplI43ListReverseIteratorsTest_SingleElement_TestE10CreateTestEv
FN:457,457,_ZN7testing8internal15TestFactoryImplI44ListAssignmentTest_DeepCopyVerification_TestE10CreateTestEv
FN:457,457,_ZN7testing8internal15TestFactoryImplI45ListReverseIteratorsTest_MixedOperations_TestE10CreateTestEv
FN:457,457,_ZN7testing8internal15TestFactoryImplI46ListReverseIteratorsTest_ReverseTraversal_TestE10CreateTestEv
FN:457,457,_ZN7testing8internal15TestFactoryImplI49ListAssignmentTest_AssignViaContainerPointer_TestE10CreateTestEv
FN:457,457,_ZN7testing8internal15TestFactoryImplI55ListAssignmentTest_AssignFromIncompatibleContainer_TestE10CreateTestEv
FN:457,457,_ZN7testing8internal15TestFactoryImplIN12my_container12_GLOBAL__N_118ListTest_Swap_TestEE10CreateTestEv
FN:457,457,_ZN7testing8internal15TestFactoryImplIN12my_container12_GLOBAL__N_120ListTest_Insert_TestEE10CreateTestEv
FN:457,457,_ZN7testing8internal15TestFactoryImplIN12my_container12_GLOBAL__N_120ListTest_Resize_TestEE10CreateTestEv
FN:457,457,_ZN7testing8internal15TestFactoryImplIN12my_container12_GLOBAL__N_121ListTest_MaxSize_TestEE10CreateTestEv
FN:457,457,_ZN7testing8internal15TestFactoryImplIN12my_container12_GLOBAL__N_123ListTest_FrontBack_TestEE10CreateTestEv
FN:457,457,_ZN7testing8internal15TestFactoryImplIN12my_container12_GLOBAL__N_123ListTest_Iterators_TestEE10CreateTestEv
FN:457,457,_ZN7testing8internal15TestFactoryImplIN12my_container12_GLOBAL__N_125ListTest_Comparisons_TestEE10CreateTestEv
FN:457,457,_ZN7testing8internal15TestFactoryImplIN12my_container12_GLOBAL__N_125ListTest_InsertErase_TestEE10CreateTestEv
FN:457,457,_ZN7testing8internal15TestFactoryImplIN12my_container12_GLOBAL__N_128ListTest_ConstIterators_TestEE10CreateTestEv
FN:457,457,_ZN7testing8internal15TestFactoryImplIN12my_container12_GLOBAL__N_128ListTest_CopyAssignment_TestEE10CreateTestEv
FN:457,457,_ZN7testing8internal15TestFactoryImplIN12my_container12_GLOBAL__N_128ListTest_MoveAssignment_TestEE10CreateTestEv
FN:457,457,_ZN7testing8internal15TestFactoryImplIN12my_container12_GLOBAL__N_129ListTest_CopyConstructor_TestEE10CreateTestEv
FN:457,457,_ZN7testing8internal15TestFactoryImplIN12my_container12_GLOBAL__N_129ListTest_MoveConstructor_TestEE10CreateTestEv
FN:457,457,_ZN7testing8internal15TestFactoryImplIN12my_container12_GLOBAL__N_132ListTest_DefaultConstructor_TestEE10CreateTestEv
FN:457,457,_ZN7testing8internal15TestFactoryImplIN12my_container12_GLOBAL__N_133ListFrontBackTest_StringType_TestEE10CreateTestEv
FN:457,457,_ZN7testing8internal15TestFactoryImplIN12my_container12_GLOBAL__N_136ListFrontBackTest_SingleElement_TestEE10CreateTestEv
FN:457,457,_ZN7testing8internal15TestFactoryImplIN12my_container12_GLOBAL__N_137ListTest_FrontBackThrowWhenEmpty_TestEE10CreateTestEv
FN:457,457,_ZN7testing8internal15TestFactoryImplIN12my_container12_GLOBAL__N_139ListFrontBackTest_MultipleElements_TestEE10CreateTestEv
FN:457,457,_ZN7testing8internal15TestFactoryImplIN12my_container12_GLOBAL__N_140ListTest_InitializerListConstructor_TestEE10CreateTestEv
FN:457,457,_ZN7testing8internal15TestFactoryImplIN12my_container12_GLOBAL__N_141ListFrontBackTest_AfterModifications_TestEE10CreateTestEv
FN:478,479,_ZN7testing8internal12CodeLocationC2ERKNSt7__cxx1112basic_stringIcSt11char_traitsIcESaIcEEEi
FN:491,494,_ZN7testing8internal19GetNotDefaultOrNullEPFvvES2_
FN:506,525,_ZN7testing8internal16SuiteApiResolverIN12my_container12_GLOBAL__N_18ListTestEE19GetSetUpCaseOrSuiteEPKci
FN:506,525,_ZN7testing8internal16SuiteApiResolverINS_4TestEE19GetSetUpCaseOrSuiteEPKci
FN:527,546,_ZN7testing8internal16SuiteApiResolverIN12my_container12_GLOBAL__N_18ListTestEE22GetTearDownCaseOrSuiteEPKci
FN:527,546,_ZN7testing8internal16SuiteApiResolverINS_4TestEE22GetTearDownCaseOrSuiteEPKci
FN:843,843,_ZN7testing8internal14TrueWithStringC2Ev
FN:846,846,_ZNK7testing8internal14TrueWithStringcvbEv
FNDA:32,_ZN7testing8internal9GetTypeIdIN12my_container12_GLOBAL__N_18ListTestEEEPKvv
FNDA:0,_ZN7testing8internal15TestFactoryBaseD0Ev
FNDA:60,_ZN7testing8internal15TestFactoryBaseD2Ev
FNDA:60,_ZN7testing8internal15TestFactoryBaseC2Ev
FNDA:1,_ZN7testing8internal15TestFactoryImplI38ListAssignmentTest_SelfAssignment_TestE10CreateTestEv
FNDA:1,_ZN7testing8internal15TestFactoryImplI39ListReverseIteratorsTest_EmptyList_TestE10CreateTestEv
FNDA:1,_ZN7testing8internal15TestFactoryImplI42ListAssignmentTest_AssignBetweenLists_TestE10CreateTestEv
FNDA:1,_ZN7testing8internal15TestFactoryImplI43ListAssignmentTest_EmptyListAssignment_TestE10CreateTestEv
FNDA:1,_ZN7testing8internal15TestFactoryImplI43ListReverseIteratorsTest_SingleElement_TestE10CreateTestEv
FNDA:1,_ZN7testing8internal15TestFactoryImplI44ListAssignmentTest_DeepCopyVerification_TestE10CreateTestEv
FNDA:1,_ZN7testing8internal15TestFactoryImplI45ListReverseIteratorsTest_MixedOperations_TestE10CreateTestEv
FNDA:1,_ZN7testing8internal15TestFactoryImplI46ListReverseIteratorsTest_ReverseTraversal_TestE10CreateTestEv
FNDA:1,_ZN7testing8internal15TestFactoryImplI49ListAssignmentTest_AssignViaContainerPointer_TestE10CreateTestEv
FNDA:1,_ZN7testing8internal15TestFactoryImplI55ListAssignmentTest_AssignFromIncompatibleContainer_TestE10CreateTestEv
FNDA:1,_ZN7testing8internal15TestFactoryImplIN12my_container12_GLOBAL__N_118ListTest_Swap_TestEE10CreateTestEv
FNDA:1,_ZN7testing8internal15TestFactoryImplIN12my_container12_GLOBAL__N_120ListTest_Insert_TestEE10CreateTestEv
FNDA:1,_ZN7testing8internal15TestFactoryImplIN12my_container12_GLOBAL__N_120ListTest_Resize_TestEE10CreateTestEv
FNDA:1,_ZN7testing8internal15TestFactoryImplIN12my_container12_GLOBAL__N_121ListTest_MaxSize_TestEE10CreateTestEv
FNDA:1,_ZN7testing8internal15TestFactoryImplIN12my_container12_GLOBAL__N_123ListTest_FrontBack_TestEE10CreateTestEv
FNDA:1,_ZN7testing8internal15TestFactoryImplIN12my_container12_GLOBAL__N_123ListTest_Iterators_TestEE10CreateTestEv
FNDA:1,_ZN7testing8internal15TestFactoryImplIN12my_container12_GLOBAL__N_125ListTest_Comparisons_TestEE10CreateTestEv
FNDA:1,_ZN7testing8internal15TestFactoryImplIN12my_container12_GLOBAL__N_125ListTest_InsertErase_TestEE10CreateTestEv
FNDA:1,_ZN7testing8internal15TestFactoryImplIN12my_container12_GLOBAL__N_128ListTest_ConstIterators_TestEE10CreateTestEv
FNDA:1,_ZN7testing8internal15TestFactoryImplIN12my_container12_GLOBAL__N_128ListTest_CopyAssignment_TestEE10CreateTestEv
FNDA:1,_ZN7testing8internal15TestFactoryImplIN12my_container12_GLOBAL__N_128ListTest_MoveAssignment_TestEE10CreateTestEv
FNDA:1,_ZN7testing8internal15TestFactoryImplIN12my_container12_GLOBAL__N_129ListTest_CopyConstructor_TestEE10CreateTestEv
FNDA:1,_ZN7testing8internal15TestFactoryImplIN12my_container12_GLOBAL__N_129ListTest_MoveConstructor_TestEE10CreateTestEv
FNDA:1,_ZN7testing8internal15TestFactoryImplIN12my_container12_GLOBAL__N_132ListTest_DefaultConstructor_TestEE10CreateTestEv
FNDA:1,_ZN7testing8internal15TestFactoryImplIN12my_container12_GLOBAL__N_133ListFrontBackTest_StringType_TestEE10CreateTestEv
FNDA:1,_ZN7testing8internal15TestFactoryImplIN12my_container12_GLOBAL__N_136ListFrontBackTest_SingleElement_TestEE10CreateTestEv
FNDA:1,_ZN7testing8internal15TestFactoryImplIN12my_container12_GLOBAL__N_137ListTest_FrontBackThrowWhenEmpty_TestEE10CreateTestEv
FNDA:1,_ZN7testing8internal15TestFactoryImplIN12my_container12_GLOBAL__N_139ListFrontBackTest_MultipleElements_TestEE10CreateTestEv
FNDA:1,_ZN7testing8internal15TestFactoryImplIN12my_container12_GLOBAL__N_140ListTest_InitializerListConstructor_TestEE10CreateTestEv
FNDA:1,_ZN7testing8internal15TestFactoryImplIN12my_container12_GLOBAL__N_141ListFrontBackTest_AfterModifications_TestEE10CreateTestEv
FNDA:60,_ZN7testing8internal12CodeLocationC2ERKNSt7__cxx1112basic_stringIcSt11char_traitsIcESaIcEEEi
FNDA:240,_ZN7testing8internal19GetNotDefaultOrNullEPFvvES2_
FNDA:32,_ZN7testing8internal16SuiteApiResolverIN12my_container12_GLOBAL__N_18ListTestEE19GetSetUpCaseOrSuiteEPKci
FNDA:28,_ZN7testing8internal16SuiteApiResolverINS_4TestEE19GetSetUpCaseOrSuiteEPKci
FNDA:32,_ZN7testing8internal16SuiteApiResolverIN12my_container12_GLOBAL__N_18ListTestEE22GetTearDownCaseOrSuiteEPKci
FNDA:28,_ZN7testing8internal16SuiteApiResolverINS_4TestEE22GetTearDownCaseOrSuiteEPKci
FNDA:3,_ZN7testing8internal14TrueWithStringC2Ev
FNDA:3,_ZNK7testing8internal14TrueWithStringcvbEv
FNF:42
FNH:41
DA:419,32
DA:424,32
DA:438,60
DA:445,60
DA:457,30
DA:478,60
DA:479,60
DA:491,240
DA:493,240
DA:506,60
DA:510,60
DA:512,60
DA:514,60
DA:517,0
DA:519,60
DA:527,60
DA:531,60
DA:533,60
DA:535,60
DA:538,0
DA:540,60
DA:843,3
DA:846,3
LF:23
LH:21
end_of_record
TN:
SF:/mnt/c/Users/senya/CLionProjects/fund_alg_4sem/lab1_2/cmake-build-debug/_deps/googletest-src/googletest/include/gtest/internal/gtest-port.h
FN:1042,1042,_ZN7testing8internal8GTestLog9GetStreamEv
FNDA:0,_ZN7testing8internal8GTestLog9GetStreamEv
FNF:1
FNH:0
DA:1042,0
LF:1
LH:0
end_of_record
TN:
SF:/mnt/c/Users/senya/CLionProjects/fund_alg_4sem/lab1_2/cmake-build-debug/_deps/googletest-src/googletest/include/gtest/internal/gtest-type-util.h
FN:61,87,_ZN7testing8internal31CanonicalizeForStdLibVersioningENSt7__cxx1112basic_stringIcSt11char_traitsIcESaIcEEE
FN:91,121,_ZN7testing8internal11GetTypeNameB5cxx11ERKSt9type_info
FNDA:0,_ZN7testing8internal31CanonicalizeForStdLibVersioningENSt7__cxx1112basic_stringIcSt11char_traitsIcESaIcEEE
FNDA:0,_ZN7testing8internal11GetTypeNameB5cxx11ERKSt9type_info
FNF:2
FNH:0
DA:61,0
DA:63,0
DA:64,0
DA:65,0
DA:67,0
DA:75,0
DA:78,0
DA:79,0
DA:80,0
DA:83,0
DA:84,0
DA:86,0
DA:91,0
DA:92,0
DA:94,0
DA:100,0
DA:101,0
DA:102,0
DA:103,0
DA:121,0
LF:20
LH:0
end_of_record
TN:
SF:/mnt/c/Users/senya/CLionProjects/fund_alg_4sem/lab1_2/include/container.h
FN:14,14,_ZN9ContainerINSt7__cxx1112basic_stringIcSt11char_traitsIcESaIcEEEEC2Ev
FN:14,14,_ZN9ContainerIdEC2Ev
FN:14,14,_ZN9ContainerIiEC2Ev
FN:18,18,_ZN9ContainerINSt7__cxx1112basic_stringIcSt11char_traitsIcESaIcEEEED0Ev
FN:18,18,_ZN9ContainerINSt7__cxx1112basic_stringIcSt11char_traitsIcESaIcEEEED2Ev
FN:18,18,_ZN9ContainerIdED0Ev
FN:18,18,_ZN9ContainerIdED2Ev
FN:18,18,_ZN9ContainerIiED0Ev
FN:18,18,_ZN9ContainerIiED2Ev
FNDA:5,_ZN9ContainerINSt7__cxx1112basic_stringIcSt11char_traitsIcESaIcEEEEC2Ev
FNDA:1,_ZN9ContainerIdEC2Ev
FNDA:57,_ZN9ContainerIiEC2Ev
FNDA:0,_ZN9ContainerINSt7__cxx1112basic_stringIcSt11char_traitsIcESaIcEEEED0Ev
FNDA:5,_ZN9ContainerINSt7__cxx1112basic_stringIcSt11char_traitsIcESaIcEEEED2Ev
FNDA:0,_ZN9ContainerIdED0Ev
FNDA:1,_ZN9ContainerIdED2Ev
FNDA:0,_ZN9ContainerIiED0Ev
FNDA:58,_ZN9ContainerIiED2Ev
FNF:9
FNH:6
DA:14,63
DA:18,64
LF:2
LH:2
end_of_record
TN:
SF:/mnt/c/Users/senya/CLionProjects/fund_alg_4sem/lab1_2/include/list.h
FN:111,111,_ZN12my_container4ListINSt7__cxx1112basic_stringIcSt11char_traitsIcESaIcEEEE14const_iteratorC2EPKNS7_4NodeE
FN:111,111,_ZN12my_container4ListIdE14const_iteratorC2EPKNS1_4NodeE
FN:111,111,_ZN12my_container4ListIiE14const_iteratorC2EPKNS1_4NodeE
FN:112,112,_ZN12my_container4ListINSt7__cxx1112basic_stringIcSt11char_traitsIcESaIcEEEE14const_iteratorC2ERKNS7_8iteratorE
FN:112,112,_ZN12my_container4ListIdE14const_iteratorC2ERKNS1_8iteratorE
FN:112,112,_ZN12my_container4ListIiE14const_iteratorC2ERKNS1_8iteratorE
FN:114,114,_ZNK12my_container4ListINSt7__cxx1112basic_stringIcSt11char_traitsIcESaIcEEEE14const_iteratordeEv
FN:114,114,_ZNK12my_container4ListIdE14const_iteratordeEv
FN:114,114,_ZNK12my_container4ListIiE14const_iteratordeEv
FN:117,117,_ZN12my_container4ListINSt7__cxx1112basic_stringIcSt11char_traitsIcESaIcEEEE14const_iteratorppEv
FN:117,117,_ZN12my_container4ListIdE14const_iteratorppEv
FN:117,117,_ZN12my_container4ListIiE14const_iteratorppEv
FN:119,119,_ZN12my_container4ListIiE14const_iteratormmEv
FN:122,122,_ZNK12my_container4ListINSt7__cxx1112basic_stringIcSt11char_traitsIcESaIcEEEE14const_iteratoreqERKS8_
FN:122,122,_ZNK12my_container4ListIdE14const_iteratoreqERKS2_
FN:122,122,_ZNK12my_container4ListIiE14const_iteratoreqERKS2_
FN:123,123,_ZNK12my_container4ListINSt7__cxx1112basic_stringIcSt11char_traitsIcESaIcEEEE14const_iteratorneERKS8_
FN:123,123,_ZNK12my_container4ListIdE14const_iteratorneERKS2_
FN:123,123,_ZNK12my_container4ListIiE14const_iteratorneERKS2_
FN:127,127,_ZN12my_container4ListINSt7__cxx1112basic_stringIcSt11char_traitsIcESaIcEEEE5beginEv
FN:127,127,_ZN12my_container4ListIdE5beginEv
FN:127,127,_ZN12my_container4ListIiE5beginEv
FN:128,128,_ZN12my_container4ListINSt7__cxx1112basic_stringIcSt11char_traitsIcESaIcEEEE3endEv
FN:128,128,_ZN12my_container4ListIdE3endEv
FN:128,128,_ZN12my_container4ListIiE3endEv
FN:129,129,_ZNK12my_container4ListIiE5beginEv
FN:130,130,_ZNK12my_container4ListIiE3endEv
FN:131,131,_ZNK12my_container4ListINSt7__cxx1112basic_stringIcSt11char_traitsIcESaIcEEEE6cbeginEv
FN:131,131,_ZNK12my_container4ListIdE6cbeginEv
FN:131,131,_ZNK12my_container4ListIiE6cbeginEv
FN:132,132,_ZNK12my_container4ListINSt7__cxx1112basic_stringIcSt11char_traitsIcESaIcEEEE4cendEv
FN:132,132,_ZNK12my_container4ListIdE4cendEv
FN:132,132,_ZNK12my_container4ListIiE4cendEv
FN:137,137,_ZN12my_container4ListINSt7__cxx1112basic_stringIcSt11char_traitsIcESaIcEEEE6rbeginEv
FN:137,137,_ZN12my_container4ListIiE6rbeginEv
FN:138,138,_ZN12my_container4ListINSt7__cxx1112basic_stringIcSt11char_traitsIcESaIcEEEE4rendEv
FN:138,138,_ZN12my_container4ListIiE4rendEv
FN:140,140,_ZNK12my_container4ListIiE7crbeginEv
FN:141,141,_ZNK12my_container4ListIiE5crendEv
FN:143,143,_ZNK12my_container4ListIiE6rbeginEv
FN:144,144,_ZNK12my_container4ListIiE4rendEv
FN:151,151,_ZN12my_container4ListINSt7__cxx1112basic_stringIcSt11char_traitsIcESaIcEEEE9push_backERKS6_
FN:151,151,_ZN12my_container4ListIdE9push_backERKd
FN:151,151,_ZN12my_container4ListIiE9push_backERKi
FN:152,152,_ZN12my_container4ListINSt7__cxx1112basic_stringIcSt11char_traitsIcESaIcEEEE9push_backEOS6_
FN:152,152,_ZN12my_container4ListIdE9push_backEOd
FN:152,152,_ZN12my_container4ListIiE9push_backEOi
FN:153,153,_ZN12my_container4ListINSt7__cxx1112basic_stringIcSt11char_traitsIcESaIcEEEE8pop_backEv
FN:153,153,_ZN12my_container4ListIdE8pop_backEv
FN:153,153,_ZN12my_container4ListIiE8pop_backEv
FN:155,155,_ZN12my_container4ListINSt7__cxx1112basic_stringIcSt11char_traitsIcESaIcEEEE10push_frontEOS6_
FN:155,155,_ZN12my_container4ListIdE10push_frontEOd
FN:166,176,_ZN12my_container4ListINSt7__cxx1112basic_stringIcSt11char_traitsIcESaIcEEEEaSERK9ContainerIS6_E
FN:166,176,_ZN12my_container4ListIdEaSERK9ContainerIdE
FN:166,176,_ZN12my_container4ListIiEaSERK9ContainerIiE
FN:179,183,_ZNK12my_container4ListINSt7__cxx1112basic_stringIcSt11char_traitsIcESaIcEEEEeqERK9ContainerIS6_E
FN:179,183,_ZNK12my_container4ListIdEeqERK9ContainerIdE
FN:179,183,_ZNK12my_container4ListIiEeqERK9ContainerIiE
FN:186,188,_ZNK12my_container4ListINSt7__cxx1112basic_stringIcSt11char_traitsIcESaIcEEEEneERK9ContainerIS6_E
FN:186,188,_ZNK12my_container4ListIdEneERK9ContainerIdE
FN:186,188,_ZNK12my_container4ListIiEneERK9ContainerIiE
FN:191,193,_ZNK12my_container4ListIiEssERKS1_
FN:197,199,_ZNK12my_container4ListIiEneERKS1_
FN:202,204,_ZNK12my_container4ListIiEeqERKS1_
FN:207,215,_ZN12my_container4ListINSt7__cxx1112basic_stringIcSt11char_traitsIcESaIcEEEE5eraseENS7_14const_iteratorE
FN:207,215,_ZN12my_container4ListIdE5eraseENS1_14const_iteratorE
FN:207,215,_ZN12my_container4ListIiE5eraseENS1_14const_iteratorE
FN:218,221,_ZN12my_container4ListIiE4swapERS1_
FN:22,23,_ZN12my_container4ListINSt7__cxx1112basic_stringIcSt11char_traitsIcESaIcEEEE4NodeC2ERKS6_PS8_SB_
FN:22,23,_ZN12my_container4ListIdE4NodeC2ERKdPS2_S5_
FN:22,23,_ZN12my_container4ListIiE4NodeC2ERKiPS2_S5_
FN:224,227,_ZN12my_container4ListIiE6resizeEmRKi
FN:230,239,_ZN12my_container4ListINSt7__cxx1112basic_stringIcSt11char_traitsIcESaIcEEEE6insertENS7_14const_iteratorERKS6_
FN:230,239,_ZN12my_container4ListIdE6insertENS1_14const_iteratorERKd
FN:230,239,_ZN12my_container4ListIiE6insertENS1_14const_iteratorERKi
FN:24,25,_ZN12my_container4ListINSt7__cxx1112basic_stringIcSt11char_traitsIcESaIcEEEE4NodeC2EOS6_PS8_SA_
FN:24,25,_ZN12my_container4ListIdE4NodeC2EOdPS2_S4_
FN:24,25,_ZN12my_container4ListIiE4NodeC2EOiPS2_S4_
FN:241,250,_ZN12my_container4ListINSt7__cxx1112basic_stringIcSt11char_traitsIcESaIcEEEE6insertENS7_14const_iteratorEOS6_
FN:241,250,_ZN12my_container4ListIdE6insertENS1_14const_iteratorEOd
FN:241,250,_ZN12my_container4ListIiE6insertENS1_14const_iteratorEOi
FN:253,256,_ZN12my_container4ListINSt7__cxx1112basic_stringIcSt11char_traitsIcESaIcEEEE5clearEv
FN:253,256,_ZN12my_container4ListIdE5clearEv
FN:253,256,_ZN12my_container4ListIiE5clearEv
FN:259,262,_ZNK12my_container4ListINSt7__cxx1112basic_stringIcSt11char_traitsIcESaIcEEEE4backEv
FN:259,262,_ZNK12my_container4ListIdE4backEv
FN:259,262,_ZNK12my_container4ListIiE4backEv
FN:265,268,_ZN12my_container4ListIdE4backEv
FN:265,268,_ZN12my_container4ListIiE4backEv
FN:271,274,_ZNK12my_container4ListINSt7__cxx1112basic_stringIcSt11char_traitsIcESaIcEEEE5frontEv
FN:271,274,_ZNK12my_container4ListIdE5frontEv
FN:271,274,_ZNK12my_container4ListIiE5frontEv
FN:277,280,_ZN12my_container4ListINSt7__cxx1112basic_stringIcSt11char_traitsIcESaIcEEEE5frontEv
FN:277,280,_ZN12my_container4ListIdE5frontEv
FN:277,280,_ZN12my_container4ListIiE5frontEv
FN:283,286,_ZN12my_container4ListINSt7__cxx1112basic_stringIcSt11char_traitsIcESaIcEEEED0Ev
FN:283,286,_ZN12my_container4ListINSt7__cxx1112basic_stringIcSt11char_traitsIcESaIcEEEED2Ev
FN:283,286,_ZN12my_container4ListIdED0Ev
FN:283,286,_ZN12my_container4ListIdED2Ev
FN:283,286,_ZN12my_container4ListIiED0Ev
FN:283,286,_ZN12my_container4ListIiED2Ev
FN:289,302,_ZN12my_container4ListIiEaSEOS1_
FN:305,311,_ZN12my_container4ListINSt7__cxx1112basic_stringIcSt11char_traitsIcESaIcEEEEaSERKS7_
FN:305,311,_ZN12my_container4ListIdEaSERKS1_
FN:305,311,_ZN12my_container4ListIiEaSERKS1_
FN:314,318,_ZN12my_container4ListIiEC2EOS1_
FN:32,38,_ZN12my_container4ListINSt7__cxx1112basic_stringIcSt11char_traitsIcESaIcEEEE9copyNodesERKS7_
FN:32,38,_ZN12my_container4ListIdE9copyNodesERKS1_
FN:32,38,_ZN12my_container4ListIiE9copyNodesERKS1_
FN:321,323,_ZN12my_container4ListIiEC2ERKS1_
FN:326,328,_ZN12my_container4ListINSt7__cxx1112basic_stringIcSt11char_traitsIcESaIcEEEEC2ESt16initializer_listIS6_E
FN:326,328,_ZN12my_container4ListIiEC2ESt16initializer_listIiE
FN:331,335,_ZN12my_container4ListINSt7__cxx1112basic_stringIcSt11char_traitsIcESaIcEEEEC2Ev
FN:331,335,_ZN12my_container4ListIdEC2Ev
FN:331,335,_ZN12my_container4ListIiEC2Ev
FN:71,71,_ZNK12my_container4ListINSt7__cxx1112basic_stringIcSt11char_traitsIcESaIcEEEE5emptyEv
FN:71,71,_ZNK12my_container4ListIdE5emptyEv
FN:71,71,_ZNK12my_container4ListIiE5emptyEv
FN:72,72,_ZNK12my_container4ListINSt7__cxx1112basic_stringIcSt11char_traitsIcESaIcEEEE4sizeEv
FN:72,72,_ZNK12my_container4ListIdE4sizeEv
FN:72,72,_ZNK12my_container4ListIiE4sizeEv
FN:73,73,_ZNK12my_container4ListINSt7__cxx1112basic_stringIcSt11char_traitsIcESaIcEEEE8max_sizeEv
FN:73,73,_ZNK12my_container4ListIdE8max_sizeEv
FN:73,73,_ZNK12my_container4ListIiE8max_sizeEv
FN:87,87,_ZN12my_container4ListINSt7__cxx1112basic_stringIcSt11char_traitsIcESaIcEEEE8iteratorC2EPNS7_4NodeE
FN:87,87,_ZN12my_container4ListIdE8iteratorC2EPNS1_4NodeE
FN:87,87,_ZN12my_container4ListIiE8iteratorC2EPNS1_4NodeE
FN:89,89,_ZNK12my_container4ListINSt7__cxx1112basic_stringIcSt11char_traitsIcESaIcEEEE8iteratordeEv
FN:89,89,_ZNK12my_container4ListIiE8iteratordeEv
FN:92,92,_ZN12my_container4ListIiE8iteratorppEv
FN:94,94,_ZN12my_container4ListINSt7__cxx1112basic_stringIcSt11char_traitsIcESaIcEEEE8iteratormmEv
FN:94,94,_ZN12my_container4ListIdE8iteratormmEv
FN:94,94,_ZN12my_container4ListIiE8iteratormmEv
FN:97,97,_ZNK12my_container4ListINSt7__cxx1112basic_stringIcSt11char_traitsIcESaIcEEEE8iteratoreqERKS8_
FN:97,97,_ZNK12my_container4ListIiE8iteratoreqERKS2_
FN:98,98,_ZNK12my_container4ListIiE8iteratorneERKS2_
FNDA:0,_ZN12my_container4ListINSt7__cxx1112basic_stringIcSt11char_traitsIcESaIcEEEE14const_iteratorC2EPKNS7_4NodeE
FNDA:0,_ZN12my_container4ListIdE14const_iteratorC2EPKNS1_4NodeE
FNDA:11,_ZN12my_container4ListIiE14const_iteratorC2EPKNS1_4NodeE
FNDA:10,_ZN12my_container4ListINSt7__cxx1112basic_stringIcSt11char_traitsIcESaIcEEEE14const_iteratorC2ERKNS7_8iteratorE
FNDA:4,_ZN12my_container4ListIdE14const_iteratorC2ERKNS1_8iteratorE
FNDA:236,_ZN12my_container4ListIiE14const_iteratorC2ERKNS1_8iteratorE
FNDA:0,_ZNK12my_container4ListINSt7__cxx1112basic_stringIcSt11char_traitsIcESaIcEEEE14const_iteratordeEv
FNDA:0,_ZNK12my_container4ListIdE14const_iteratordeEv
FNDA:5,_ZNK12my_container4ListIiE14const_iteratordeEv
FNDA:0,_ZN12my_container4ListINSt7__cxx1112basic_stringIcSt11char_traitsIcESaIcEEEE14const_iteratorppEv
FNDA:0,_ZN12my_container4ListIdE14const_iteratorppEv
FNDA:0,_ZN12my_container4ListIiE14const_iteratorppEv
FNDA:10,_ZN12my_container4ListIiE14const_iteratormmEv
FNDA:0,_ZNK12my_container4ListINSt7__cxx1112basic_stringIcSt11char_traitsIcESaIcEEEE14const_iteratoreqERKS8_
FNDA:0,_ZNK12my_container4ListIdE14const_iteratoreqERKS2_
FNDA:8,_ZNK12my_container4ListIiE14const_iteratoreqERKS2_
FNDA:0,_ZNK12my_container4ListINSt7__cxx1112basic_stringIcSt11char_traitsIcESaIcEEEE14const_iteratorneERKS8_
FNDA:0,_ZNK12my_container4ListIdE14const_iteratorneERKS2_
FNDA:0,_ZNK12my_container4ListIiE14const_iteratorneERKS2_
FNDA:4,_ZN12my_container4ListINSt7__cxx1112basic_stringIcSt11char_traitsIcESaIcEEEE5beginEv
FNDA:1,_ZN12my_container4ListIdE5beginEv
FNDA:14,_ZN12my_container4ListIiE5beginEv
FNDA:9,_ZN12my_container4ListINSt7__cxx1112basic_stringIcSt11char_traitsIcESaIcEEEE3endEv
FNDA:3,_ZN12my_container4ListIdE3endEv
FNDA:239,_ZN12my_container4ListIiE3endEv
FNDA:17,_ZNK12my_container4ListIiE5beginEv
FNDA:20,_ZNK12my_container4ListIiE3endEv
FNDA:0,_ZNK12my_container4ListINSt7__cxx1112basic_stringIcSt11char_traitsIcESaIcEEEE6cbeginEv
FNDA:0,_ZNK12my_container4ListIdE6cbeginEv
FNDA:8,_ZNK12my_container4ListIiE6cbeginEv
FNDA:0,_ZNK12my_container4ListINSt7__cxx1112basic_stringIcSt11char_traitsIcESaIcEEEE4cendEv
FNDA:0,_ZNK12my_container4ListIdE4cendEv
FNDA:3,_ZNK12my_container4ListIiE4cendEv
FNDA:1,_ZN12my_container4ListINSt7__cxx1112basic_stringIcSt11char_traitsIcESaIcEEEE6rbeginEv
FNDA:2,_ZN12my_container4ListIiE6rbeginEv
FNDA:2,_ZN12my_container4ListINSt7__cxx1112basic_stringIcSt11char_traitsIcESaIcEEEE4rendEv
FNDA:6,_ZN12my_container4ListIiE4rendEv
FNDA:3,_ZNK12my_container4ListIiE7crbeginEv
FNDA:8,_ZNK12my_container4ListIiE5crendEv
FNDA:1,_ZNK12my_container4ListIiE6rbeginEv
FNDA:1,_ZNK12my_container4ListIiE4rendEv
FNDA:1,_ZN12my_container4ListINSt7__cxx1112basic_stringIcSt11char_traitsIcESaIcEEEE9push_backERKS6_
FNDA:0,_ZN12my_container4ListIdE9push_backERKd
FNDA:115,_ZN12my_container4ListIiE9push_backERKi
FNDA:2,_ZN12my_container4ListINSt7__cxx1112basic_stringIcSt11char_traitsIcESaIcEEEE9push_backEOS6_
FNDA:1,_ZN12my_container4ListIdE9push_backEOd
FNDA:1,_ZN12my_container4ListIiE9push_backEOi
FNDA:5,_ZN12my_container4ListINSt7__cxx1112basic_stringIcSt11char_traitsIcESaIcEEEE8pop_backEv
FNDA:2,_ZN12my_container4ListIdE8pop_backEv
FNDA:117,_ZN12my_container4ListIiE8pop_backEv
FNDA:2,_ZN12my_container4ListINSt7__cxx1112basic_stringIcSt11char_traitsIcESaIcEEEE10push_frontEOS6_
FNDA:1,_ZN12my_container4ListIdE10push_frontEOd
FNDA:0,_ZN12my_container4ListINSt7__cxx1112basic_stringIcSt11char_traitsIcESaIcEEEEaSERK9ContainerIS6_E
FNDA:0,_ZN12my_container4ListIdEaSERK9ContainerIdE
FNDA:4,_ZN12my_container4ListIiEaSERK9ContainerIiE
FNDA:0,_ZNK12my_container4ListINSt7__cxx1112basic_stringIcSt11char_traitsIcESaIcEEEEeqERK9ContainerIS6_E
FNDA:0,_ZNK12my_container4ListIdEeqERK9ContainerIdE
FNDA:0,_ZNK12my_container4ListIiEeqERK9ContainerIiE
FNDA:0,_ZNK12my_container4ListINSt7__cxx1112basic_stringIcSt11char_traitsIcESaIcEEEEneERK9ContainerIS6_E
FNDA:0,_ZNK12my_container4ListIdEneERK9ContainerIdE
FNDA:0,_ZNK12my_container4ListIiEneERK9ContainerIiE
FNDA:8,_ZNK12my_container4ListIiEssERKS1_
FNDA:1,_ZNK12my_container4ListIiEneERKS1_
FNDA:7,_ZNK12my_container4ListIiEeqERKS1_
FNDA:5,_ZN12my_container4ListINSt7__cxx1112basic_stringIcSt11char_traitsIcESaIcEEEE5eraseENS7_14const_iteratorE
FNDA:2,_ZN12my_container4ListIdE5eraseENS1_14const_iteratorE
FNDA:118,_ZN12my_container4ListIiE5eraseENS1_14const_iteratorE
FNDA:1,_ZN12my_container4ListIiE4swapERS1_
FNDA:6,_ZN12my_container4ListINSt7__cxx1112basic_stringIcSt11char_traitsIcESaIcEEEE4NodeC2ERKS6_PS8_SB_
FNDA:1,_ZN12my_container4ListIdE4NodeC2ERKdPS2_S5_
FNDA:174,_ZN12my_container4ListIiE4NodeC2ERKiPS2_S5_
FNDA:2,_ZN12my_container4ListIiE6resizeEmRKi
FNDA:1,_ZN12my_container4ListINSt7__cxx1112basic_stringIcSt11char_traitsIcESaIcEEEE6insertENS7_14const_iteratorERKS6_
FNDA:0,_ZN12my_container4ListIdE6insertENS1_14const_iteratorERKd
FNDA:115,_ZN12my_container4ListIiE6insertENS1_14const_iteratorERKi
FNDA:4,_ZN12my_container4ListINSt7__cxx1112basic_stringIcSt11char_traitsIcESaIcEEEE4NodeC2EOS6_PS8_SA_
FNDA:2,_ZN12my_container4ListIdE4NodeC2EOdPS2_S4_
FNDA:3,_ZN12my_container4ListIiE4NodeC2EOiPS2_S4_
FNDA:4,_ZN12my_container4ListINSt7__cxx1112basic_stringIcSt11char_traitsIcESaIcEEEE6insertENS7_14const_iteratorEOS6_
FNDA:2,_ZN12my_container4ListIdE6insertENS1_14const_iteratorEOd
FNDA:3,_ZN12my_container4ListIiE6insertENS1_14const_iteratorEOi
FNDA:6,_ZN12my_container4ListINSt7__cxx1112basic_stringIcSt11char_traitsIcESaIcEEEE5clearEv
FNDA:1,_ZN12my_container4ListIdE5clearEv
FNDA:63,_ZN12my_container4ListIiE5clearEv
FNDA:3,_ZNK12my_container4ListINSt7__cxx1112basic_stringIcSt11char_traitsIcESaIcEEEE4backEv
FNDA:2,_ZNK12my_container4ListIdE4backEv
FNDA:2,_ZNK12my_container4ListIiE4backEv
FNDA:1,_ZN12my_container4ListIdE4backEv
FNDA:8,_ZN12my_container4ListIiE4backEv
FNDA:4,_ZNK12my_container4ListINSt7__cxx1112basic_stringIcSt11char_traitsIcESaIcEEEE5frontEv
FNDA:2,_ZNK12my_container4ListIdE5frontEv
FNDA:2,_ZNK12my_container4ListIiE5frontEv
FNDA:1,_ZN12my_container4ListINSt7__cxx1112basic_stringIcSt11char_traitsIcESaIcEEEE5frontEv
FNDA:1,_ZN12my_container4ListIdE5frontEv
FNDA:6,_ZN12my_container4ListIiE5frontEv
FNDA:0,_ZN12my_container4ListINSt7__cxx1112basic_stringIcSt11char_traitsIcESaIcEEEED0Ev
FNDA:5,_ZN12my_container4ListINSt7__cxx1112basic_stringIcSt11char_traitsIcESaIcEEEED2Ev
FNDA:0,_ZN12my_container4ListIdED0Ev
FNDA:1,_ZN12my_container4ListIdED2Ev
FNDA:0,_ZN12my_container4ListIiED0Ev
FNDA:57,_ZN12my_container4ListIiED2Ev
FNDA:2,_ZN12my_container4ListIiEaSEOS1_
FNDA:1,_ZN12my_container4ListINSt7__cxx1112basic_stringIcSt11char_traitsIcESaIcEEEEaSERKS7_
FNDA:0,_ZN12my_container4ListIdEaSERKS1_
FNDA:4,_ZN12my_container4ListIiEaSERKS1_
FNDA:1,_ZN12my_container4ListIiEC2EOS1_
FNDA:1,_ZN12my_container4ListINSt7__cxx1112basic_stringIcSt11char_traitsIcESaIcEEEE9copyNodesERKS7_
FNDA:0,_ZN12my_container4ListIdE9copyNodesERKS1_
FNDA:6,_ZN12my_container4ListIiE9copyNodesERKS1_
FNDA:2,_ZN12my_container4ListIiEC2ERKS1_
FNDA:1,_ZN12my_container4ListINSt7__cxx1112basic_stringIcSt11char_traitsIcESaIcEEEEC2ESt16initializer_listIS6_E
FNDA:31,_ZN12my_container4ListIiEC2ESt16initializer_listIiE
FNDA:5,_ZN12my_container4ListINSt7__cxx1112basic_stringIcSt11char_traitsIcESaIcEEEEC2Ev
FNDA:1,_ZN12my_container4ListIdEC2Ev
FNDA:56,_ZN12my_container4ListIiEC2Ev
FNDA:20,_ZNK12my_container4ListINSt7__cxx1112basic_stringIcSt11char_traitsIcESaIcEEEE5emptyEv
FNDA:8,_ZNK12my_container4ListIdE5emptyEv
FNDA:198,_ZNK12my_container4ListIiE5emptyEv
FNDA:1,_ZNK12my_container4ListINSt7__cxx1112basic_stringIcSt11char_traitsIcESaIcEEEE4sizeEv
FNDA:0,_ZNK12my_container4ListIdE4sizeEv
FNDA:16,_ZNK12my_container4ListIiE4sizeEv
FNDA:0,_ZNK12my_container4ListINSt7__cxx1112basic_stringIcSt11char_traitsIcESaIcEEEE8max_sizeEv
FNDA:0,_ZNK12my_container4ListIdE8max_sizeEv
FNDA:5,_ZNK12my_container4ListIiE8max_sizeEv
FNDA:23,_ZN12my_container4ListINSt7__cxx1112basic_stringIcSt11char_traitsIcESaIcEEEE8iteratorC2EPNS7_4NodeE
FNDA:8,_ZN12my_container4ListIdE8iteratorC2EPNS1_4NodeE
FNDA:526,_ZN12my_container4ListIiE8iteratorC2EPNS1_4NodeE
FNDA:1,_ZNK12my_container4ListINSt7__cxx1112basic_stringIcSt11char_traitsIcESaIcEEEE8iteratordeEv
FNDA:73,_ZNK12my_container4ListIiE8iteratordeEv
FNDA:69,_ZN12my_container4ListIiE8iteratorppEv
FNDA:7,_ZN12my_container4ListINSt7__cxx1112basic_stringIcSt11char_traitsIcESaIcEEEE8iteratormmEv
FNDA:2,_ZN12my_container4ListIdE8iteratormmEv
FNDA:130,_ZN12my_container4ListIiE8iteratormmEv
FNDA:2,_ZNK12my_container4ListINSt7__cxx1112basic_stringIcSt11char_traitsIcESaIcEEEE8iteratoreqERKS8_
FNDA:84,_ZNK12my_container4ListIiE8iteratoreqERKS2_
FNDA:44,_ZNK12my_container4ListIiE8iteratorneERKS2_
FNF:136
FNH:102
DA:22,181
DA:23,181
DA:24,9
DA:25,9
DA:32,7
DA:33,7
DA:34,24
DA:35,17
DA:36,17
DA:38,7
DA:71,226
DA:72,17
DA:73,5
DA:87,557
DA:89,74
DA:92,69
DA:94,139
DA:97,86
DA:98,44
DA:111,11
DA:112,250
DA:114,5
DA:117,0
DA:119,10
DA:122,8
DA:123,0
DA:127,19
DA:128,251
DA:129,17
DA:130,20
DA:131,8
DA:132,3
DA:137,3
DA:138,8
DA:140,3
DA:141,8
DA:143,1
DA:144,1
DA:151,116
DA:152,4
DA:153,124
DA:155,3
DA:166,4
DA:167,4
DA:168,1
DA:170,3
DA:171,3
DA:172,1
DA:174,2
DA:175,2
DA:179,0
DA:180,0
DA:181,0
DA:182,0
DA:186,0
DA:187,0
DA:191,8
DA:192,8
DA:197,1
DA:198,1
DA:202,7
DA:203,7
DA:207,125
DA:208,125
DA:209,125
DA:210,125
DA:211,125
DA:212,125
DA:213,125
DA:214,125
DA:218,1
DA:219,1
DA:220,1
DA:221,1
DA:224,2
DA:225,5
DA:226,4
DA:227,2
DA:230,116
DA:231,116
DA:232,116
DA:234,116
DA:235,116
DA:236,116
DA:237,116
DA:238,116
DA:241,9
DA:242,9
DA:243,9
DA:245,9
DA:246,9
DA:247,9
DA:248,9
DA:249,9
DA:253,70
DA:255,190
DA:256,70
DA:259,7
DA:260,7
DA:261,7
DA:265,9
DA:266,9
DA:267,8
DA:271,8
DA:272,8
DA:273,8
DA:277,8
DA:278,8
DA:279,7
DA:283,63
DA:284,63
DA:285,63
DA:286,126
DA:289,2
DA:290,2
DA:291,2
DA:292,2
DA:294,2
DA:295,2
DA:297,2
DA:298,2
DA:299,2
DA:301,2
DA:305,5
DA:306,5
DA:307,5
DA:308,5
DA:310,5
DA:314,1
DA:315,1
DA:316,1
DA:317,1
DA:318,1
DA:321,2
DA:322,2
DA:323,2
DA:326,32
DA:327,129
DA:328,32
DA:331,62
DA:332,62
DA:333,62
DA:334,62
DA:335,62
LF:144
LH:136
end_of_record
TN:
SF:/mnt/c/Users/senya/CLionProjects/fund_alg_4sem/lab1_2/tests/test_list.cpp
FN:105,105,_ZN12my_container12_GLOBAL__N_141ListFrontBackTest_AfterModifications_Test8TestBodyEv
FN:105,105,_ZN12my_container12_GLOBAL__N_141ListFrontBackTest_AfterModifications_TestC2Ev
FN:105,105,_ZN12my_container12_GLOBAL__N_141ListFrontBackTest_AfterModifications_TestD0Ev
FN:105,105,_ZN12my_container12_GLOBAL__N_141ListFrontBackTest_AfterModifications_TestD2Ev
FN:122,122,_ZN12my_container12_GLOBAL__N_133ListFrontBackTest_StringType_Test8TestBodyEv
FN:122,122,_ZN12my_container12_GLOBAL__N_133ListFrontBackTest_StringType_TestC2Ev
FN:122,122,_ZN12my_container12_GLOBAL__N_133ListFrontBackTest_StringType_TestD0Ev
FN:122,122,_ZN12my_container12_GLOBAL__N_133ListFrontBackTest_StringType_TestD2Ev
FN:135,135,_ZN12my_container12_GLOBAL__N_125ListTest_InsertErase_Test8TestBodyEv
FN:135,135,_ZN12my_container12_GLOBAL__N_125ListTest_InsertErase_TestC2Ev
FN:135,135,_ZN12my_container12_GLOBAL__N_125ListTest_InsertErase_TestD0Ev
FN:135,135,_ZN12my_container12_GLOBAL__N_125ListTest_InsertErase_TestD2Ev
FN:149,149,_ZN12my_container12_GLOBAL__N_120ListTest_Insert_Test8TestBodyEv
FN:149,149,_ZN12my_container12_GLOBAL__N_120ListTest_Insert_TestC2Ev
FN:149,149,_ZN12my_container12_GLOBAL__N_120ListTest_Insert_TestD0Ev
FN:149,149,_ZN12my_container12_GLOBAL__N_120ListTest_Insert_TestD2Ev
FN:15,15,_ZN12my_container12_GLOBAL__N_18ListTestC2Ev
FN:158,158,_ZN12my_container12_GLOBAL__N_120ListTest_Resize_Test8TestBodyEv
FN:158,158,_ZN12my_container12_GLOBAL__N_120ListTest_Resize_TestC2Ev
FN:158,158,_ZN12my_container12_GLOBAL__N_120ListTest_Resize_TestD0Ev
FN:158,158,_ZN12my_container12_GLOBAL__N_120ListTest_Resize_TestD2Ev
FN:168,168,_ZN12my_container12_GLOBAL__N_118ListTest_Swap_Test8TestBodyEv
FN:168,168,_ZN12my_container12_GLOBAL__N_118ListTest_Swap_TestC2Ev
FN:168,168,_ZN12my_container12_GLOBAL__N_118ListTest_Swap_TestD0Ev
FN:168,168,_ZN12my_container12_GLOBAL__N_118ListTest_Swap_TestD2Ev
FN:17,17,_ZN12my_container12_GLOBAL__N_18ListTest5SetUpEv
FN:177,177,_ZN12my_container12_GLOBAL__N_125ListTest_Comparisons_Test8TestBodyEv
FN:177,177,_ZN12my_container12_GLOBAL__N_125ListTest_Comparisons_TestC2Ev
FN:177,177,_ZN12my_container12_GLOBAL__N_125ListTest_Comparisons_TestD0Ev
FN:177,177,_ZN12my_container12_GLOBAL__N_125ListTest_Comparisons_TestD2Ev
FN:187,187,_ZN12my_container12_GLOBAL__N_121ListTest_MaxSize_Test8TestBodyEv
FN:187,187,_ZN12my_container12_GLOBAL__N_121ListTest_MaxSize_TestC2Ev
FN:187,187,_ZN12my_container12_GLOBAL__N_121ListTest_MaxSize_TestD0Ev
FN:187,187,_ZN12my_container12_GLOBAL__N_121ListTest_MaxSize_TestD2Ev
FN:20,23,_ZN12my_container12_GLOBAL__N_132ListTest_DefaultConstructor_Test8TestBodyEv
FN:20,23,_ZN12my_container12_GLOBAL__N_132ListTest_DefaultConstructor_TestC2Ev
FN:20,23,_ZN12my_container12_GLOBAL__N_132ListTest_DefaultConstructor_TestD0Ev
FN:20,23,_ZN12my_container12_GLOBAL__N_132ListTest_DefaultConstructor_TestD2Ev
FN:208,208,_ZN14DummyContainerIiEaSERK9ContainerIiE
FN:210,210,_ZNK14DummyContainerIiEeqERK9ContainerIiE
FN:212,212,_ZNK14DummyContainerIiEneERK9ContainerIiE
FN:214,214,_ZNK14DummyContainerIiE4sizeEv
FN:216,216,_ZNK14DummyContainerIiE8max_sizeEv
FN:218,218,_ZNK14DummyContainerIiE5emptyEv
FN:220,220,_ZN42ListAssignmentTest_AssignBetweenLists_Test8TestBodyEv
FN:220,220,_ZN42ListAssignmentTest_AssignBetweenLists_TestC2Ev
FN:220,220,_ZN42ListAssignmentTest_AssignBetweenLists_TestD0Ev
FN:220,220,_ZN42ListAssignmentTest_AssignBetweenLists_TestD2Ev
FN:231,241,_ZN38ListAssignmentTest_SelfAssignment_Test8TestBodyEv
FN:231,241,_ZN38ListAssignmentTest_SelfAssignment_TestC2Ev
FN:231,241,_ZN38ListAssignmentTest_SelfAssignment_TestD0Ev
FN:231,241,_ZN38ListAssignmentTest_SelfAssignment_TestD2Ev
FN:243,243,_ZN55ListAssignmentTest_AssignFromIncompatibleContainer_Test8TestBodyEv
FN:243,243,_ZN55ListAssignmentTest_AssignFromIncompatibleContainer_TestC2Ev
FN:243,243,_ZN55ListAssignmentTest_AssignFromIncompatibleContainer_TestD0Ev
FN:243,243,_ZN55ListAssignmentTest_AssignFromIncompatibleContainer_TestD2Ev
FN:25,25,_ZN12my_container12_GLOBAL__N_140ListTest_InitializerListConstructor_Test8TestBodyEv
FN:25,25,_ZN12my_container12_GLOBAL__N_140ListTest_InitializerListConstructor_TestC2Ev
FN:25,25,_ZN12my_container12_GLOBAL__N_140ListTest_InitializerListConstructor_TestD0Ev
FN:25,25,_ZN12my_container12_GLOBAL__N_140ListTest_InitializerListConstructor_TestD2Ev
FN:253,262,_ZN44ListAssignmentTest_DeepCopyVerification_Test8TestBodyEv
FN:253,262,_ZN44ListAssignmentTest_DeepCopyVerification_TestC2Ev
FN:253,262,_ZN44ListAssignmentTest_DeepCopyVerification_TestD0Ev
FN:253,262,_ZN44ListAssignmentTest_DeepCopyVerification_TestD2Ev
FN:264,272,_ZN43ListAssignmentTest_EmptyListAssignment_Test8TestBodyEv
FN:264,272,_ZN43ListAssignmentTest_EmptyListAssignment_TestC2Ev
FN:264,272,_ZN43ListAssignmentTest_EmptyListAssignment_TestD0Ev
FN:264,272,_ZN43ListAssignmentTest_EmptyListAssignment_TestD2Ev
FN:274,274,_ZN49ListAssignmentTest_AssignViaContainerPointer_Test8TestBodyEv
FN:274,274,_ZN49ListAssignmentTest_AssignViaContainerPointer_TestC2Ev
FN:274,274,_ZN49ListAssignmentTest_AssignViaContainerPointer_TestD0Ev
FN:274,274,_ZN49ListAssignmentTest_AssignViaContainerPointer_TestD2Ev
FN:286,286,_ZN39ListReverseIteratorsTest_EmptyList_Test8TestBodyEv
FN:286,286,_ZN39ListReverseIteratorsTest_EmptyList_TestC2Ev
FN:286,286,_ZN39ListReverseIteratorsTest_EmptyList_TestD0Ev
FN:286,286,_ZN39ListReverseIteratorsTest_EmptyList_TestD2Ev
FN:292,292,_ZN43ListReverseIteratorsTest_SingleElement_Test8TestBodyEv
FN:292,292,_ZN43ListReverseIteratorsTest_SingleElement_TestC2Ev
FN:292,292,_ZN43ListReverseIteratorsTest_SingleElement_TestD0Ev
FN:292,292,_ZN43ListReverseIteratorsTest_SingleElement_TestD2Ev
FN:302,302,_ZN46ListReverseIteratorsTest_ReverseTraversal_Test8TestBodyEv
FN:302,302,_ZN46ListReverseIteratorsTest_ReverseTraversal_TestC2Ev
FN:302,302,_ZN46ListReverseIteratorsTest_ReverseTraversal_TestD0Ev
FN:302,302,_ZN46ListReverseIteratorsTest_ReverseTraversal_TestD2Ev
[...]
FNDA:1,_ZNSt12_Vector_baseIiSaIiEE12_Vector_implC1ERKS0_
FNDA:1,_ZNSt6vectorIiSaIiEE19_M_range_initializeIPKiEEvT_S5_St20forward_iterator_tag
FNDA:44,_ZNKSt6vectorIiSaIiEE12_M_check_lenEmPKc
FNDA:1,_ZNSt6vectorIiSaIiEE17_S_check_init_lenEmRKS0_
FNDA:89,_ZNSt6vectorIiSaIiEE11_S_max_sizeERKS0_
FNDA:2,_ZSteqIiSaIiEEbRKSt6vectorIT_T0_ES6_
FNDA:103,_ZNSt12_Vector_baseIiSaIiEE19_M_get_Tp_allocatorEv
FNDA:88,_ZNKSt12_Vector_baseIiSaIiEE19_M_get_Tp_allocatorEv
FNDA:1,_ZNSt12_Vector_baseIiSaIiEEC2ERKS0_
FNDA:13,_ZNSt12_Vector_baseIiSaIiEED2Ev
FNDA:45,_ZNSt12_Vector_baseIiSaIiEE11_M_allocateEm
FNDA:57,_ZNSt12_Vector_baseIiSaIiEE13_M_deallocateEPim
FNDA:88,_ZNSt6vectorIiSaIiEE11_S_relocateEPiS2_S2_RS0_
FNDA:1,_ZNSt6vectorIiSaIiEEC1ESt16initializer_listIiERKS0_
FNDA:13,_ZNSt6vectorIiSaIiEED2Ev
FNDA:44,_ZNSt6vectorIiSaIiEE5beginEv
FNDA:4,_ZNKSt6vectorIiSaIiEE5beginEv
FNDA:112,_ZNSt6vectorIiSaIiEE3endEv
FNDA:2,_ZNKSt6vectorIiSaIiEE3endEv
FNDA:11,_ZNSt12_Vector_baseIiSaIiEE17_Vector_impl_dataC2Ev
FNDA:316,_ZNKSt6vectorIiSaIiEE4sizeEv
FNDA:88,_ZNKSt6vectorIiSaIiEE8max_sizeEv
FNF:23
FNH:23
DA:99,11
DA:100,11
DA:101,11
DA:146,1
DA:147,1
DA:148,1
DA:301,103
DA:302,103
DA:306,88
DA:307,88
DA:321,1
DA:322,1
DA:367,13
DA:369,13
DA:370,13
DA:371,13
DA:378,45
DA:381,90
DA:386,57
DA:389,57
DA:390,45
DA:391,57
DA:504,88
DA:509,88
DA:678,1
DA:680,1
DA:682,1
DA:683,1
DA:684,1
DA:733,13
DA:735,13
DA:736,13
DA:738,13
DA:873,44
DA:874,44
DA:883,4
DA:884,4
DA:893,112
DA:894,112
DA:903,2
DA:904,2
DA:992,316
DA:993,316
DA:998,88
DA:999,88
DA:1281,10
DA:1283,10
DA:1286,2
DA:1288,2
DA:1292,8
DA:1293,10
DA:1687,1
DA:1690,1
DA:1692,1
DA:1693,1
DA:1694,1
DA:1695,1
DA:1697,1
DA:1698,1
DA:1896,44
DA:1898,44
DA:1899,0
DA:1901,44
DA:1902,44
DA:1907,1
DA:1909,1
DA:1910,0
DA:1912,1
DA:1916,89
DA:1921,89
DA:1923,89
DA:1924,89
DA:2040,2
DA:2041,2
DA:2042,2
LF:75
LH:73
end_of_record
TN:
SF:/usr/include/c++/13/bits/unique_ptr.h
FN:1069,1070,_ZSt11make_uniqueINSt7__cxx1112basic_stringIcSt11char_traitsIcESaIcEEEJEENSt8__detail9_MakeUniqIT_E15__single_objectEDpOT0_
FN:174,174,_ZNSt15__uniq_ptr_implINSt7__cxx1112basic_stringIcSt11char_traitsIcESaIcEEESt14default_deleteIS5_EEC2Ev
FN:176,176,_ZNSt15__uniq_ptr_implINSt7__cxx1112basic_stringIcSt11char_traitsIcESaIcEEESt14default_deleteIS5_EEC2EPS5_
FN:189,194,_ZNSt15__uniq_ptr_implINSt7__cxx1112basic_stringIcSt11char_traitsIcESaIcEEESt14default_deleteIS5_EEaSEOS8_
FN:197,197,_ZNSt15__uniq_ptr_implINSt7__cxx1112basic_stringIcSt11char_traitsIcESaIcEEESt14default_deleteIS5_EE6_M_ptrEv
FN:197,197,_ZNSt15__uniq_ptr_implINSt7__cxx1118basic_stringstreamIcSt11char_traitsIcESaIcEEESt14default_deleteIS5_EE6_M_ptrEv
FN:199,199,_ZNKSt15__uniq_ptr_implINSt7__cxx1112basic_stringIcSt11char_traitsIcESaIcEEESt14default_deleteIS5_EE6_M_ptrEv
FN:199,199,_ZNKSt15__uniq_ptr_implINSt7__cxx1118basic_stringstreamIcSt11char_traitsIcESaIcEEESt14default_deleteIS5_EE6_M_ptrEv
FN:201,201,_ZNSt15__uniq_ptr_implINSt7__cxx1112basic_stringIcSt11char_traitsIcESaIcEEESt14default_deleteIS5_EE10_M_deleterEv
FN:201,201,_ZNSt15__uniq_ptr_implINSt7__cxx1118basic_stringstreamIcSt11char_traitsIcESaIcEEESt14default_deleteIS5_EE10_M_deleterEv
FN:206,212,_ZNSt15__uniq_ptr_implINSt7__cxx1112basic_stringIcSt11char_traitsIcESaIcEEESt14default_deleteIS5_EE5resetEPS5_
FN:215,220,_ZNSt15__uniq_ptr_implINSt7__cxx1112basic_stringIcSt11char_traitsIcESaIcEEESt14default_deleteIS5_EE7releaseEv
FN:243,243,_ZNSt15__uniq_ptr_dataINSt7__cxx1112basic_stringIcSt11char_traitsIcESaIcEEESt14default_deleteIS5_ELb1ELb1EEaSEOS8_
FN:304,306,_ZNSt10unique_ptrINSt7__cxx1112basic_stringIcSt11char_traitsIcESaIcEEESt14default_deleteIS5_EEC2IS7_vEEv
FN:317,319,_ZNSt10unique_ptrINSt7__cxx1112basic_stringIcSt11char_traitsIcESaIcEEESt14default_deleteIS5_EEC2IS7_vEEPS5_
FN:398,406,_ZNSt10unique_ptrINSt7__cxx1112basic_stringIcSt11char_traitsIcESaIcEEESt14default_deleteIS5_EED2Ev
FN:398,406,_ZNSt10unique_ptrINSt7__cxx1118basic_stringstreamIcSt11char_traitsIcESaIcEEESt14default_deleteIS5_EED2Ev
FN:414,414,_ZNSt10unique_ptrINSt7__cxx1112basic_stringIcSt11char_traitsIcESaIcEEESt14default_deleteIS5_EEaSEOS8_
FN:451,455,_ZNKSt10unique_ptrINSt7__cxx1118basic_stringstreamIcSt11char_traitsIcESaIcEEESt14default_deleteIS5_EEdeEv
FN:460,464,_ZNKSt10unique_ptrINSt7__cxx1112basic_stringIcSt11char_traitsIcESaIcEEESt14default_deleteIS5_EEptEv
FN:469,470,_ZNKSt10unique_ptrINSt7__cxx1112basic_stringIcSt11char_traitsIcESaIcEEESt14default_deleteIS5_EE3getEv
FN:469,470,_ZNKSt10unique_ptrINSt7__cxx1118basic_stringstreamIcSt11char_traitsIcESaIcEEESt14default_deleteIS5_EE3getEv
FN:475,476,_ZNSt10unique_ptrINSt7__cxx1112basic_stringIcSt11char_traitsIcESaIcEEESt14default_deleteIS5_EE11get_deleterEv
FN:475,476,_ZNSt10unique_ptrINSt7__cxx1118basic_stringstreamIcSt11char_traitsIcESaIcEEESt14default_deleteIS5_EE11get_deleterEv
FN:486,487,_ZNKSt10unique_ptrINSt7__cxx1112basic_stringIcSt11char_traitsIcESaIcEEESt14default_deleteIS5_EEcvbEv
FN:837,838,_ZSteqINSt7__cxx1112basic_stringIcSt11char_traitsIcESaIcEEESt14default_deleteIS5_EEbRKSt10unique_ptrIT_T0_EDn
FN:93,100,_ZNKSt14default_deleteINSt7__cxx1112basic_stringIcSt11char_traitsIcESaIcEEEEclEPS5_
FN:93,100,_ZNKSt14default_deleteINSt7__cxx1118basic_stringstreamIcSt11char_traitsIcESaIcEEEEclEPS5_
FNDA:0,_ZSt11make_uniqueINSt7__cxx1112basic_stringIcSt11char_traitsIcESaIcEEEJEENSt8__detail9_MakeUniqIT_E15__single_objectEDpOT0_
FNDA:75,_ZNSt15__uniq_ptr_implINSt7__cxx1112basic_stringIcSt11char_traitsIcESaIcEEESt14default_deleteIS5_EEC2Ev
FNDA:0,_ZNSt15__uniq_ptr_implINSt7__cxx1112basic_stringIcSt11char_traitsIcESaIcEEESt14default_deleteIS5_EEC2EPS5_
FNDA:0,_ZNSt15__uniq_ptr_implINSt7__cxx1112basic_stringIcSt11char_traitsIcESaIcEEESt14default_deleteIS5_EEaSEOS8_
FNDA:75,_ZNSt15__uniq_ptr_implINSt7__cxx1112basic_stringIcSt11char_traitsIcESaIcEEESt14default_deleteIS5_EE6_M_ptrEv
FNDA:276,_ZNSt15__uniq_ptr_implINSt7__cxx1118basic_stringstreamIcSt11char_traitsIcESaIcEEESt14default_deleteIS5_EE6_M_ptrEv
FNDA:0,_ZNKSt15__uniq_ptr_implINSt7__cxx1112basic_stringIcSt11char_traitsIcESaIcEEESt14default_deleteIS5_EE6_M_ptrEv
FNDA:1242,_ZNKSt15__uniq_ptr_implINSt7__cxx1118basic_stringstreamIcSt11char_traitsIcESaIcEEESt14default_deleteIS5_EE6_M_ptrEv
FNDA:0,_ZNSt15__uniq_ptr_implINSt7__cxx1112basic_stringIcSt11char_traitsIcESaIcEEESt14default_deleteIS5_EE10_M_deleterEv
FNDA:138,_ZNSt15__uniq_ptr_implINSt7__cxx1118basic_stringstreamIcSt11char_traitsIcESaIcEEESt14default_deleteIS5_EE10_M_deleterEv
FNDA:0,_ZNSt15__uniq_ptr_implINSt7__cxx1112basic_stringIcSt11char_traitsIcESaIcEEESt14default_deleteIS5_EE5resetEPS5_
FNDA:0,_ZNSt15__uniq_ptr_implINSt7__cxx1112basic_stringIcSt11char_traitsIcESaIcEEESt14default_deleteIS5_EE7releaseEv
FNDA:0,_ZNSt15__uniq_ptr_dataINSt7__cxx1112basic_stringIcSt11char_traitsIcESaIcEEESt14default_deleteIS5_ELb1ELb1EEaSEOS8_
FNDA:75,_ZNSt10unique_ptrINSt7__cxx1112basic_stringIcSt11char_traitsIcESaIcEEESt14default_deleteIS5_EEC2IS7_vEEv
FNDA:0,_ZNSt10unique_ptrINSt7__cxx1112basic_stringIcSt11char_traitsIcESaIcEEESt14default_deleteIS5_EEC2IS7_vEEPS5_
FNDA:75,_ZNSt10unique_ptrINSt7__cxx1112basic_stringIcSt11char_traitsIcESaIcEEESt14default_deleteIS5_EED2Ev
FNDA:138,_ZNSt10unique_ptrINSt7__cxx1118basic_stringstreamIcSt11char_traitsIcESaIcEEESt14default_deleteIS5_EED2Ev
FNDA:0,_ZNSt10unique_ptrINSt7__cxx1112basic_stringIcSt11char_traitsIcESaIcEEESt14default_deleteIS5_EEaSEOS8_
FNDA:1104,_ZNKSt10unique_ptrINSt7__cxx1118basic_stringstreamIcSt11char_traitsIcESaIcEEESt14default_deleteIS5_EEdeEv
FNDA:0,_ZNKSt10unique_ptrINSt7__cxx1112basic_stringIcSt11char_traitsIcESaIcEEESt14default_deleteIS5_EEptEv
FNDA:0,_ZNKSt10unique_ptrINSt7__cxx1112basic_stringIcSt11char_traitsIcESaIcEEESt14default_deleteIS5_EE3getEv
FNDA:1242,_ZNKSt10unique_ptrINSt7__cxx1118basic_stringstreamIcSt11char_traitsIcESaIcEEESt14default_deleteIS5_EE3getEv
FNDA:0,_ZNSt10unique_ptrINSt7__cxx1112basic_stringIcSt11char_traitsIcESaIcEEESt14default_deleteIS5_EE11get_deleterEv
FNDA:138,_ZNSt10unique_ptrINSt7__cxx1118basic_stringstreamIcSt11char_traitsIcESaIcEEESt14default_deleteIS5_EE11get_deleterEv
FNDA:0,_ZNKSt10unique_ptrINSt7__cxx1112basic_stringIcSt11char_traitsIcESaIcEEESt14default_deleteIS5_EEcvbEv
FNDA:0,_ZSteqINSt7__cxx1112basic_stringIcSt11char_traitsIcESaIcEEESt14default_deleteIS5_EEbRKSt10unique_ptrIT_T0_EDn
FNDA:0,_ZNKSt14default_deleteINSt7__cxx1112basic_stringIcSt11char_traitsIcESaIcEEEEclEPS5_
FNDA:138,_ZNKSt14default_deleteINSt7__cxx1118basic_stringstreamIcSt11char_traitsIcESaIcEEEEclEPS5_
FNF:28
FNH:12
DA:93,138
DA:99,138
DA:100,138
DA:174,75
DA:176,0
DA:189,0
DA:191,0
DA:192,0
DA:193,0
DA:197,351
DA:199,1242
DA:201,138
DA:206,0
DA:208,0
DA:209,0
DA:210,0
DA:211,0
DA:212,0
DA:215,0
DA:217,0
DA:218,0
DA:219,0
DA:243,0
DA:304,75
DA:305,75
DA:306,75
DA:317,0
DA:318,0
DA:319,0
DA:398,213
DA:402,213
DA:403,213
DA:404,138
DA:405,213
DA:406,213
DA:414,0
DA:451,1104
DA:453,1104
DA:454,1104
DA:460,0
DA:463,0
DA:469,1242
DA:470,1242
DA:475,138
DA:476,138
DA:486,0
DA:487,0
DA:837,0
DA:838,0
DA:1069,0
DA:1070,0
LF:51
LH:23
end_of_record
TN:
SF:/usr/include/c++/13/bits/vector.tcc
FN:445,524,_ZNSt6vectorIiSaIiEE17_M_realloc_insertIJRKiEEEvN9__gnu_cxx17__normal_iteratorIPiS1_EEDpOT_
FNDA:8,_ZNSt6vectorIiSaIiEE17_M_realloc_insertIJRKiEEEvN9__gnu_cxx17__normal_iteratorIPiS1_EEDpOT_
FNF:1
FNH:1
DA:445,8
DA:455,8
DA:456,8
DA:457,8
DA:458,8
DA:459,8
DA:460,8
DA:468,8
DA:469,8
DA:475,8
DA:480,8
DA:481,8
DA:483,8
DA:485,8
DA:486,8
DA:519,8
DA:520,8
DA:521,8
DA:522,8
DA:523,8
DA:524,8
LF:21
LH:21
end_of_record
TN:
SF:/usr/include/c++/13/compare
FN:283,284,_ZSteqSt15strong_orderingNSt9__cmp_cat8__unspecE
FN:288,288,_ZSteqSt15strong_orderingS_
FN:292,293,_ZStltSt15strong_orderingNSt9__cmp_cat8__unspecE
FN:549,564,_ZNKSt17compare_three_wayclIRiS1_EEDaOT_OT0_
FNDA:24,_ZSteqSt15strong_orderingNSt9__cmp_cat8__unspecE
FNDA:7,_ZSteqSt15strong_orderingS_
FNDA:1,_ZStltSt15strong_orderingNSt9__cmp_cat8__unspecE
FNDA:24,_ZNKSt17compare_three_wayclIRiS1_EEDaOT_OT0_
FNF:4
FNH:4
DA:258,7
DA:283,24
DA:284,24
DA:288,7
DA:292,1
DA:293,1
DA:549,24
DA:563,24
LF:8
LH:8
end_of_record
TN:
SF:/usr/include/c++/13/ext/alloc_traits.h
FNF:0
FNH:0
DA:98,442
LF:1
LH:1
end_of_record
TN:
SF:/usr/include/c++/13/initializer_list
FN:69,69,_ZNKSt16initializer_listINSt7__cxx1112basic_stringIcSt11char_traitsIcESaIcEEEE4sizeEv
FN:69,69,_ZNKSt16initializer_listIiE4sizeEv
FN:73,73,_ZNKSt16initializer_listINSt7__cxx1112basic_stringIcSt11char_traitsIcESaIcEEEE5beginEv
FN:73,73,_ZNKSt16initializer_listIiE5beginEv
FN:77,77,_ZNKSt16initializer_listINSt7__cxx1112basic_stringIcSt11char_traitsIcESaIcEEEE3endEv
FN:77,77,_ZNKSt16initializer_listIiE3endEv
FNDA:1,_ZNKSt16initializer_listINSt7__cxx1112basic_stringIcSt11char_traitsIcESaIcEEEE4sizeEv
FNDA:32,_ZNKSt16initializer_listIiE4sizeEv
FNDA:2,_ZNKSt16initializer_listINSt7__cxx1112basic_stringIcSt11char_traitsIcESaIcEEEE5beginEv
FNDA:64,_ZNKSt16initializer_listIiE5beginEv
FNDA:1,_ZNKSt16initializer_listINSt7__cxx1112basic_stringIcSt11char_traitsIcESaIcEEEE3endEv
FNDA:32,_ZNKSt16initializer_listIiE3endEv
FNF:6
FNH:6
DA:69,33
DA:73,66
DA:77,33
LF:3
LH:3
end_of_record
TN:
SF:/usr/include/c++/13/limits
FN:1274,1274,_ZNSt14numeric_limitsImE3maxEv
FNDA:7,_ZNSt14numeric_limitsImE3maxEv
FNF:1
FNH:1
DA:1274,7
LF:1
LH:1
end_of_record
TN:
SF:/usr/include/c++/13/new
FN:174,175,_ZnwmPv
FNDA:214,_ZnwmPv
FNF:1
FNH:1
DA:174,214
DA:175,214
LF:2
LH:2
end_of_record
TN:
SF:/usr/include/c++/13/tuple
FN:125,125,_ZNSt10_Head_baseILm1ESt14default_deleteINSt7__cxx1112basic_stringIcSt11char_traitsIcESaIcEEEELb1EE7_M_headERS8_
FN:125,125,_ZNSt10_Head_baseILm1ESt14default_deleteINSt7__cxx1118basic_stringstreamIcSt11char_traitsIcESaIcEEEELb1EE7_M_headERS8_
FN:1317,1319,_ZNSt5tupleIJPNSt7__cxx1112basic_stringIcSt11char_traitsIcESaIcEEESt14default_deleteIS5_EEEC2ILb1ELb1EEEv
FN:1787,1788,_ZSt12__get_helperILm0EPNSt7__cxx1112basic_stringIcSt11char_traitsIcESaIcEEEJSt14default_deleteIS5_EEERT0_RSt11_Tuple_implIXT_EJS9_DpT1_EE
FN:1787,1788,_ZSt12__get_helperILm0EPNSt7__cxx1118basic_stringstreamIcSt11char_traitsIcESaIcEEEJSt14default_deleteIS5_EEERT0_RSt11_Tuple_implIXT_EJS9_DpT1_EE
FN:1787,1788,_ZSt12__get_helperILm1ESt14default_deleteINSt7__cxx1112basic_stringIcSt11char_traitsIcESaIcEEEEJEERT0_RSt11_Tuple_implIXT_EJS8_DpT1_EE
FN:1787,1788,_ZSt12__get_helperILm1ESt14default_deleteINSt7__cxx1118basic_stringstreamIcSt11char_traitsIcESaIcEEEEJEERT0_RSt11_Tuple_implIXT_EJS8_DpT1_EE
FN:1792,1793,_ZSt12__get_helperILm0EPNSt7__cxx1112basic_stringIcSt11char_traitsIcESaIcEEEJSt14default_deleteIS5_EEERKT0_RKSt11_Tuple_implIXT_EJS9_DpT1_EE
FN:1792,1793,_ZSt12__get_helperILm0EPNSt7__cxx1118basic_stringstreamIcSt11char_traitsIcESaIcEEEJSt14default_deleteIS5_EEERKT0_RKSt11_Tuple_implIXT_EJS9_DpT1_EE
FN:1803,1804,_ZSt3getILm0EJPNSt7__cxx1112basic_stringIcSt11char_traitsIcESaIcEEESt14default_deleteIS5_EEERNSt13tuple_elementIXT_ESt5tupleIJDpT0_EEE4typeERSD_
FN:1803,1804,_ZSt3getILm0EJPNSt7__cxx1118basic_stringstreamIcSt11char_traitsIcESaIcEEESt14default_deleteIS5_EEERNSt13tuple_elementIXT_ESt5tupleIJDpT0_EEE4typeERSD_
FN:1803,1804,_ZSt3getILm1EJPNSt7__cxx1112basic_stringIcSt11char_traitsIcESaIcEEESt14default_deleteIS5_EEERNSt13tuple_elementIXT_ESt5tupleIJDpT0_EEE4typeERSD_
FN:1803,1804,_ZSt3getILm1EJPNSt7__cxx1118basic_stringstreamIcSt11char_traitsIcESaIcEEESt14default_deleteIS5_EEERNSt13tuple_elementIXT_ESt5tupleIJDpT0_EEE4typeERSD_
FN:1809,1810,_ZSt3getILm0EJPNSt7__cxx1112basic_stringIcSt11char_traitsIcESaIcEEESt14default_deleteIS5_EEERKNSt13tuple_elementIXT_ESt5tupleIJDpT0_EEE4typeERKSD_
FN:1809,1810,_ZSt3getILm0EJPNSt7__cxx1118basic_stringstreamIcSt11char_traitsIcESaIcEEESt14default_deleteIS5_EEERKNSt13tuple_elementIXT_ESt5tupleIJDpT0_EEE4typeERKSD_
FN:190,191,_ZNSt10_Head_baseILm0EPNSt7__cxx1112basic_stringIcSt11char_traitsIcESaIcEEELb0EEC2Ev
FN:234,234,_ZNSt10_Head_baseILm0EPNSt7__cxx1112basic_stringIcSt11char_traitsIcESaIcEEELb0EE7_M_headERS7_
FN:234,234,_ZNSt10_Head_baseILm0EPNSt7__cxx1118basic_stringstreamIcSt11char_traitsIcESaIcEEELb0EE7_M_headERS7_
FN:237,237,_ZNSt10_Head_baseILm0EPNSt7__cxx1112basic_stringIcSt11char_traitsIcESaIcEEELb0EE7_M_headERKS7_
FN:237,237,_ZNSt10_Head_baseILm0EPNSt7__cxx1118basic_stringstreamIcSt11char_traitsIcESaIcEEELb0EE7_M_headERKS7_
FN:269,269,_ZNSt11_Tuple_implILm0EJPNSt7__cxx1112basic_stringIcSt11char_traitsIcESaIcEEESt14default_deleteIS5_EEE7_M_headERS9_
FN:269,269,_ZNSt11_Tuple_implILm0EJPNSt7__cxx1118basic_stringstreamIcSt11char_traitsIcESaIcEEESt14default_deleteIS5_EEE7_M_headERS9_
FN:272,272,_ZNSt11_Tuple_implILm0EJPNSt7__cxx1112basic_stringIcSt11char_traitsIcESaIcEEESt14default_deleteIS5_EEE7_M_headERKS9_
FN:272,272,_ZNSt11_Tuple_implILm0EJPNSt7__cxx1118basic_stringstreamIcSt11char_traitsIcESaIcEEESt14default_deleteIS5_EEE7_M_headERKS9_
FN:280,281,_ZNSt11_Tuple_implILm0EJPNSt7__cxx1112basic_stringIcSt11char_traitsIcESaIcEEESt14default_deleteIS5_EEEC2Ev
FN:497,497,_ZNSt11_Tuple_implILm1EJSt14default_deleteINSt7__cxx1112basic_stringIcSt11char_traitsIcESaIcEEEEEE7_M_headERS8_
FN:497,497,_ZNSt11_Tuple_implILm1EJSt14default_deleteINSt7__cxx1118basic_stringstreamIcSt11char_traitsIcESaIcEEEEEE7_M_headERS8_
FN:503,504,_ZNSt11_Tuple_implILm1EJSt14default_deleteINSt7__cxx1112basic_stringIcSt11char_traitsIcESaIcEEEEEEC2Ev
FN:81,82,_ZNSt10_Head_baseILm1ESt14default_deleteINSt7__cxx1112basic_stringIcSt11char_traitsIcESaIcEEEELb1EEC2Ev
FNDA:0,_ZNSt10_Head_baseILm1ESt14default_deleteINSt7__cxx1112basic_stringIcSt11char_traitsIcESaIcEEEELb1EE7_M_headERS8_
FNDA:138,_ZNSt10_Head_baseILm1ESt14default_deleteINSt7__cxx1118basic_stringstreamIcSt11char_traitsIcESaIcEEEELb1EE7_M_headERS8_
FNDA:75,_ZNSt5tupleIJPNSt7__cxx1112basic_stringIcSt11char_traitsIcESaIcEEESt14default_deleteIS5_EEEC2ILb1ELb1EEEv
FNDA:75,_ZSt12__get_helperILm0EPNSt7__cxx1112basic_stringIcSt11char_traitsIcESaIcEEEJSt14default_deleteIS5_EEERT0_RSt11_Tuple_implIXT_EJS9_DpT1_EE
FNDA:276,_ZSt12__get_helperILm0EPNSt7__cxx1118basic_stringstreamIcSt11char_traitsIcESaIcEEEJSt14default_deleteIS5_EEERT0_RSt11_Tuple_implIXT_EJS9_DpT1_EE
FNDA:0,_ZSt12__get_helperILm1ESt14default_deleteINSt7__cxx1112basic_stringIcSt11char_traitsIcESaIcEEEEJEERT0_RSt11_Tuple_implIXT_EJS8_DpT1_EE
FNDA:138,_ZSt12__get_helperILm1ESt14default_deleteINSt7__cxx1118basic_stringstreamIcSt11char_traitsIcESaIcEEEEJEERT0_RSt11_Tuple_implIXT_EJS8_DpT1_EE
FNDA:0,_ZSt12__get_helperILm0EPNSt7__cxx1112basic_stringIcSt11char_traitsIcESaIcEEEJSt14default_deleteIS5_EEERKT0_RKSt11_Tuple_implIXT_EJS9_DpT1_EE
FNDA:1242,_ZSt12__get_helperILm0EPNSt7__cxx1118basic_stringstreamIcSt11char_traitsIcESaIcEEEJSt14default_deleteIS5_EEERKT0_RKSt11_Tuple_implIXT_EJS9_DpT1_EE
FNDA:75,_ZSt3getILm0EJPNSt7__cxx1112basic_stringIcSt11char_traitsIcESaIcEEESt14default_deleteIS5_EEERNSt13tuple_elementIXT_ESt5tupleIJDpT0_EEE4typeERSD_
FNDA:276,_ZSt3getILm0EJPNSt7__cxx1118basic_stringstreamIcSt11char_traitsIcESaIcEEESt14default_deleteIS5_EEERNSt13tuple_elementIXT_ESt5tupleIJDpT0_EEE4typeERSD_
FNDA:0,_ZSt3getILm1EJPNSt7__cxx1112basic_stringIcSt11char_traitsIcESaIcEEESt14default_deleteIS5_EEERNSt13tuple_elementIXT_ESt5tupleIJDpT0_EEE4typeERSD_
FNDA:138,_ZSt3getILm1EJPNSt7__cxx1118basic_stringstreamIcSt11char_traitsIcESaIcEEESt14default_deleteIS5_EEERNSt13tuple_elementIXT_ESt5tupleIJDpT0_EEE4typeERSD_
FNDA:0,_ZSt3getILm0EJPNSt7__cxx1112basic_stringIcSt11char_traitsIcESaIcEEESt14default_deleteIS5_EEERKNSt13tuple_elementIXT_ESt5tupleIJDpT0_EEE4typeERKSD_
FNDA:1242,_ZSt3getILm0EJPNSt7__cxx1118basic_stringstreamIcSt11char_traitsIcESaIcEEESt14default_deleteIS5_EEERKNSt13tuple_elementIXT_ESt5tupleIJDpT0_EEE4typeERKSD_
FNDA:75,_ZNSt10_Head_baseILm0EPNSt7__cxx1112basic_stringIcSt11char_traitsIcESaIcEEELb0EEC2Ev
FNDA:75,_ZNSt10_Head_baseILm0EPNSt7__cxx1112basic_stringIcSt11char_traitsIcESaIcEEELb0EE7_M_headERS7_
FNDA:276,_ZNSt10_Head_baseILm0EPNSt7__cxx1118basic_stringstreamIcSt11char_traitsIcESaIcEEELb0EE7_M_headERS7_
FNDA:0,_ZNSt10_Head_baseILm0EPNSt7__cxx1112basic_stringIcSt11char_traitsIcESaIcEEELb0EE7_M_headERKS7_
FNDA:1242,_ZNSt10_Head_baseILm0EPNSt7__cxx1118basic_stringstreamIcSt11char_traitsIcESaIcEEELb0EE7_M_headERKS7_
FNDA:75,_ZNSt11_Tuple_implILm0EJPNSt7__cxx1112basic_stringIcSt11char_traitsIcESaIcEEESt14default_deleteIS5_EEE7_M_headERS9_
FNDA:276,_ZNSt11_Tuple_implILm0EJPNSt7__cxx1118basic_stringstreamIcSt11char_traitsIcESaIcEEESt14default_deleteIS5_EEE7_M_headERS9_
FNDA:0,_ZNSt11_Tuple_implILm0EJPNSt7__cxx1112basic_stringIcSt11char_traitsIcESaIcEEESt14default_deleteIS5_EEE7_M_headERKS9_
FNDA:1242,_ZNSt11_Tuple_implILm0EJPNSt7__cxx1118basic_stringstreamIcSt11char_traitsIcESaIcEEESt14default_deleteIS5_EEE7_M_headERKS9_
FNDA:75,_ZNSt11_Tuple_implILm0EJPNSt7__cxx1112basic_stringIcSt11char_traitsIcESaIcEEESt14default_deleteIS5_EEEC2Ev
FNDA:0,_ZNSt11_Tuple_implILm1EJSt14default_deleteINSt7__cxx1112basic_stringIcSt11char_traitsIcESaIcEEEEEE7_M_headERS8_
FNDA:138,_ZNSt11_Tuple_implILm1EJSt14default_deleteINSt7__cxx1118basic_stringstreamIcSt11char_traitsIcESaIcEEEEEE7_M_headERS8_
FNDA:75,_ZNSt11_Tuple_implILm1EJSt14default_deleteINSt7__cxx1112basic_stringIcSt11char_traitsIcESaIcEEEEEEC2Ev
FNDA:75,_ZNSt10_Head_baseILm1ESt14default_deleteINSt7__cxx1112basic_stringIcSt11char_traitsIcESaIcEEEELb1EEC2Ev
FNF:29
FNH:21
DA:81,75
DA:82,75
DA:125,138
DA:190,75
DA:191,75
DA:234,351
DA:237,1242
DA:269,351
DA:272,1242
DA:280,75
DA:281,75
DA:497,138
DA:503,75
DA:504,75
DA:1317,75
DA:1319,75
DA:1787,489
DA:1788,489
DA:1792,1242
DA:1793,1242
DA:1803,489
DA:1804,489
DA:1809,1242
DA:1810,1242
LF:24
LH:24
end_of_record
TN:
SF:/usr/include/c++/13/type_traits
FN:3649,3656,_ZSt21is_constant_evaluatedv
FNDA:1473,_ZSt21is_constant_evaluatedv
FNF:1
FNH:1
DA:3649,1473
DA:3654,1473
LF:2
LH:2
end_of_record
TN:
SF:/usr/include/c++/13/typeinfo
FN:103,104,_ZNKSt9type_info4nameEv
FNDA:0,_ZNKSt9type_info4nameEv
FNF:1
FNH:0
DA:103,0
DA:104,0
LF:2
LH:0
end_of_record
TN:
SF:/usr/include/x86_64-linux-gnu/c++/13/bits/c++config.h
FN:540,551,_ZSt23__is_constant_evaluatedv
FNDA:11643,_ZSt23__is_constant_evaluatedv
FNF:1
FNH:1
DA:540,11643
DA:547,11643
LF:2
LH:2
end_of_record
